2023-02-21 12:53:42,397 [restartedMain] INFO  c.t.c.TrentCyclecountApiApplication                - Starting TrentCyclecountApiApplication on vaibhavbhatnagar with PID 21732 (C:\Users\vaibhav.bhatnagar\Documents\workspace\jdk_1.7\trent-cyclecount-api\target\classes started by vaibhav.bhatnagar in C:\Users\vaibhav.bhatnagar\Documents\workspace\jdk_1.7\trent-cyclecount-api)
2023-02-21 12:53:42,403 [restartedMain] INFO  c.t.c.TrentCyclecountApiApplication                - The following profiles are active: dev
2023-02-21 12:53:42,432 [restartedMain] INFO  o.s.b.c.e.AnnotationConfigEmbeddedWebApplicationContext - Refreshing org.springframework.boot.context.embedded.AnnotationConfigEmbeddedWebApplicationContext@125b88c: startup date [Tue Feb 21 12:53:42 IST 2023]; root of context hierarchy
2023-02-21 12:53:42,538 [background-preinit] INFO  o.h.validator.internal.util.Version                - HV000001: Hibernate Validator 5.3.6.Final
2023-02-21 12:53:43,460 [restartedMain] INFO  o.s.b.c.e.t.TomcatEmbeddedServletContainer         - Tomcat initialized with port(s): 8085 (https)
2023-02-21 12:53:43,473 [restartedMain] INFO  o.apache.coyote.http11.Http11NioProtocol           - Initializing ProtocolHandler ["https-jsse-nio-127.0.0.1-8085"]
2023-02-21 12:53:43,483 [restartedMain] INFO  org.apache.catalina.core.StandardService           - Starting service [Tomcat]
2023-02-21 12:53:43,483 [restartedMain] INFO  org.apache.catalina.core.StandardEngine            - Starting Servlet Engine: Apache Tomcat/8.5.43
2023-02-21 12:53:43,553 [localhost-startStop-1] INFO  o.a.c.c.C.[Tomcat].[localhost].[/]                 - Initializing Spring embedded WebApplicationContext
2023-02-21 12:53:43,554 [localhost-startStop-1] INFO  o.s.web.context.ContextLoader                      - Root WebApplicationContext: initialization completed in 1122 ms
2023-02-21 12:53:43,675 [localhost-startStop-1] INFO  o.s.b.web.servlet.FilterRegistrationBean           - Mapping filter: 'characterEncodingFilter' to: [/*]
2023-02-21 12:53:43,675 [localhost-startStop-1] INFO  o.s.b.web.servlet.FilterRegistrationBean           - Mapping filter: 'hiddenHttpMethodFilter' to: [/*]
2023-02-21 12:53:43,676 [localhost-startStop-1] INFO  o.s.b.web.servlet.FilterRegistrationBean           - Mapping filter: 'httpPutFormContentFilter' to: [/*]
2023-02-21 12:53:43,676 [localhost-startStop-1] INFO  o.s.b.web.servlet.FilterRegistrationBean           - Mapping filter: 'requestContextFilter' to: [/*]
2023-02-21 12:53:43,676 [localhost-startStop-1] INFO  o.s.b.w.s.DelegatingFilterProxyRegistrationBean    - Mapping filter: 'springSecurityFilterChain' to: [/*]
2023-02-21 12:53:43,677 [localhost-startStop-1] INFO  o.s.b.w.servlet.ServletRegistrationBean            - Mapping servlet: 'dispatcherServlet' to [/]
2023-02-21 12:53:44,097 [restartedMain] INFO  o.s.w.s.m.m.a.RequestMappingHandlerAdapter         - Looking for @ControllerAdvice: org.springframework.boot.context.embedded.AnnotationConfigEmbeddedWebApplicationContext@125b88c: startup date [Tue Feb 21 12:53:42 IST 2023]; root of context hierarchy
2023-02-21 12:53:44,141 [restartedMain] INFO  o.s.w.s.m.m.a.RequestMappingHandlerMapping         - Mapped "{[/trent_api/v1/process_cycle_count/process_count],methods=[POST],consumes=[application/json],produces=[application/json]}" onto public org.springframework.http.ResponseEntity<com.tatatrent.cyclecount.rest.dto.Message> com.tatatrent.cyclecount.rest.controller.RestController.processCount(com.tatatrent.cyclecount.rest.dto.RequestDto) throws java.sql.SQLException
2023-02-21 12:53:44,141 [restartedMain] INFO  o.s.w.s.m.m.a.RequestMappingHandlerMapping         - Mapped "{[/trent_api/v1/process_cycle_count/message],methods=[GET],produces=[application/json]}" onto public org.springframework.http.ResponseEntity<java.lang.String> com.tatatrent.cyclecount.rest.controller.RestController.getMessage()
2023-02-21 12:53:44,144 [restartedMain] INFO  o.s.w.s.m.m.a.RequestMappingHandlerMapping         - Mapped "{[/error],produces=[text/html]}" onto public org.springframework.web.servlet.ModelAndView org.springframework.boot.autoconfigure.web.BasicErrorController.errorHtml(javax.servlet.http.HttpServletRequest,javax.servlet.http.HttpServletResponse)
2023-02-21 12:53:44,146 [restartedMain] INFO  o.s.w.s.m.m.a.RequestMappingHandlerMapping         - Mapped "{[/error]}" onto public org.springframework.http.ResponseEntity<java.util.Map<java.lang.String, java.lang.Object>> org.springframework.boot.autoconfigure.web.BasicErrorController.error(javax.servlet.http.HttpServletRequest)
2023-02-21 12:53:44,166 [restartedMain] INFO  o.s.w.s.handler.SimpleUrlHandlerMapping            - Mapped URL path [/webjars/**] onto handler of type [class org.springframework.web.servlet.resource.ResourceHttpRequestHandler]
2023-02-21 12:53:44,166 [restartedMain] INFO  o.s.w.s.handler.SimpleUrlHandlerMapping            - Mapped URL path [/**] onto handler of type [class org.springframework.web.servlet.resource.ResourceHttpRequestHandler]
2023-02-21 12:53:44,180 [restartedMain] INFO  o.s.w.s.m.m.a.ExceptionHandlerExceptionResolver    - Detected @ExceptionHandler methods in restExceptionHandler
2023-02-21 12:53:44,194 [restartedMain] INFO  o.s.w.s.handler.SimpleUrlHandlerMapping            - Mapped URL path [/**/favicon.ico] onto handler of type [class org.springframework.web.servlet.resource.ResourceHttpRequestHandler]
2023-02-21 12:53:44,383 [restartedMain] INFO  o.s.s.web.DefaultSecurityFilterChain               - Creating filter chain: OrRequestMatcher [requestMatchers=[Ant [pattern='/css/**'], Ant [pattern='/js/**'], Ant [pattern='/images/**'], Ant [pattern='/webjars/**'], Ant [pattern='/**/favicon.ico'], Ant [pattern='/error']]], []
2023-02-21 12:53:44,435 [restartedMain] INFO  o.s.s.web.DefaultSecurityFilterChain               - Creating filter chain: org.springframework.security.web.util.matcher.AnyRequestMatcher@1, [org.springframework.security.web.context.request.async.WebAsyncManagerIntegrationFilter@760b7e, org.springframework.security.web.context.SecurityContextPersistenceFilter@6b9717, org.springframework.security.web.header.HeaderWriterFilter@1886979, org.springframework.security.web.authentication.logout.LogoutFilter@1b82978, org.springframework.security.web.authentication.www.BasicAuthenticationFilter@c72b20, org.springframework.security.web.savedrequest.RequestCacheAwareFilter@1f2a544, org.springframework.security.web.servletapi.SecurityContextHolderAwareRequestFilter@5507c1, org.springframework.security.web.authentication.AnonymousAuthenticationFilter@1ec9b2e, org.springframework.security.web.session.SessionManagementFilter@1ab71c2, org.springframework.security.web.access.ExceptionTranslationFilter@6b4325, org.springframework.security.web.access.intercept.FilterSecurityInterceptor@ff8e49]
2023-02-21 12:53:44,445 [restartedMain] INFO  o.s.s.w.a.c.ChannelProcessingFilter                - Validated configuration attributes
2023-02-21 12:53:44,449 [restartedMain] INFO  o.s.s.web.DefaultSecurityFilterChain               - Creating filter chain: OrRequestMatcher [requestMatchers=[Ant [pattern='/**']]], [org.springframework.security.web.access.channel.ChannelProcessingFilter@26ac6d, org.springframework.security.web.context.request.async.WebAsyncManagerIntegrationFilter@1a8a8bf, org.springframework.security.web.context.SecurityContextPersistenceFilter@138579e, org.springframework.security.web.header.HeaderWriterFilter@148f4ac, org.springframework.security.web.authentication.logout.LogoutFilter@9689fb, org.springframework.security.web.authentication.www.BasicAuthenticationFilter@bc6c9d, org.springframework.security.web.savedrequest.RequestCacheAwareFilter@7d10, org.springframework.security.web.servletapi.SecurityContextHolderAwareRequestFilter@12c643, org.springframework.security.web.authentication.AnonymousAuthenticationFilter@1deb339, org.springframework.security.web.session.SessionManagementFilter@b768a9, org.springframework.security.web.access.ExceptionTranslationFilter@292531, org.springframework.security.web.access.intercept.FilterSecurityInterceptor@585e91]
2023-02-21 12:53:44,559 [restartedMain] INFO  o.s.b.d.a.OptionalLiveReloadServer                 - LiveReload server is running on port 35729
2023-02-21 12:53:44,591 [restartedMain] INFO  o.s.j.e.a.AnnotationMBeanExporter                  - Registering beans for JMX exposure on startup
2023-02-21 12:53:44,592 [restartedMain] INFO  o.s.j.e.a.AnnotationMBeanExporter                  - Bean with name 'dataSource' has been autodetected for JMX exposure
2023-02-21 12:53:44,597 [restartedMain] INFO  o.s.j.e.a.AnnotationMBeanExporter                  - Located MBean 'dataSource': registering with JMX server as MBean [com.zaxxer.hikari:name=dataSource,type=HikariDataSource]
2023-02-21 12:53:44,603 [restartedMain] INFO  o.apache.coyote.http11.Http11NioProtocol           - Starting ProtocolHandler ["https-jsse-nio-127.0.0.1-8085"]
2023-02-21 12:53:44,727 [restartedMain] INFO  o.apache.tomcat.util.net.NioSelectorPool           - Using a shared selector for servlet write/read
2023-02-21 12:53:44,734 [restartedMain] INFO  o.s.b.c.e.t.TomcatEmbeddedServletContainer         - Tomcat started on port(s): 8085 (https)
2023-02-21 12:53:44,738 [restartedMain] INFO  c.t.c.TrentCyclecountApiApplication                - Started TrentCyclecountApiApplication in 2.501 seconds (JVM running for 3.248)
2023-02-21 12:54:42,024 [https-jsse-nio-127.0.0.1-8085-exec-4] INFO  o.a.c.c.C.[Tomcat].[localhost].[/]                 - Initializing Spring FrameworkServlet 'dispatcherServlet'
2023-02-21 12:54:42,025 [https-jsse-nio-127.0.0.1-8085-exec-4] INFO  o.s.web.servlet.DispatcherServlet                  - FrameworkServlet 'dispatcherServlet': initialization started
2023-02-21 12:54:42,062 [https-jsse-nio-127.0.0.1-8085-exec-4] INFO  o.s.web.servlet.DispatcherServlet                  - FrameworkServlet 'dispatcherServlet': initialization completed in 37 ms
2023-02-21 12:54:42,111 [https-jsse-nio-127.0.0.1-8085-exec-4] INFO  c.t.c.rest.controller.RestController               - Inside RestController.getMessage()
2023-02-21 12:55:03,860 [https-jsse-nio-127.0.0.1-8085-exec-5] INFO  com.zaxxer.hikari.HikariDataSource                 - HikariPool-0 - is starting.
2023-02-21 12:55:06,459 [https-jsse-nio-127.0.0.1-8085-exec-5] INFO  c.t.c.rest.controller.RestController               - Inside RestController.processCount()
2023-02-21 12:55:06,459 [https-jsse-nio-127.0.0.1-8085-exec-5] INFO  c.t.c.r.s.impl.CycleCountServiceiImpl              - Inside CycleCountServiceiImpl.storeCycleCount()
2023-02-21 12:55:06,470 [https-jsse-nio-127.0.0.1-8085-exec-5] INFO  c.t.c.j.repository.CycleCountRepository            - Inside CycleCountRepository.saveCycleCount()
2023-02-21 12:55:06,680 [https-jsse-nio-127.0.0.1-8085-exec-5] INFO  c.t.c.j.repository.CycleCountRepository            - Returning from CycleCountRepository.saveCycleCount()
2023-02-21 12:55:06,681 [https-jsse-nio-127.0.0.1-8085-exec-5] INFO  c.t.c.r.s.impl.CycleCountServiceiImpl              - Returning from CycleCountServiceiImpl.storeCycleCount()
2023-02-21 12:56:56,712 [RMI TCP Connection(11)-127.0.0.1] INFO  o.s.b.a.SpringApplicationAdminMXBeanRegistrar$SpringApplicationAdmin - Application shutdown requested.
2023-02-21 12:56:56,713 [RMI TCP Connection(11)-127.0.0.1] INFO  o.s.b.c.e.AnnotationConfigEmbeddedWebApplicationContext - Closing org.springframework.boot.context.embedded.AnnotationConfigEmbeddedWebApplicationContext@125b88c: startup date [Tue Feb 21 12:53:42 IST 2023]; root of context hierarchy
2023-02-21 12:56:56,714 [RMI TCP Connection(11)-127.0.0.1] INFO  o.s.j.e.a.AnnotationMBeanExporter                  - Unregistering JMX-exposed beans on shutdown
2023-02-21 12:56:56,715 [RMI TCP Connection(11)-127.0.0.1] INFO  o.s.j.e.a.AnnotationMBeanExporter                  - Unregistering JMX-exposed beans
2023-02-21 12:56:56,715 [RMI TCP Connection(11)-127.0.0.1] INFO  com.zaxxer.hikari.pool.HikariPool                  - HikariPool-0 - is closing down.
2023-02-21 13:38:13,904 [restartedMain] INFO  c.t.c.TrentCyclecountApiApplication                - Starting TrentCyclecountApiApplication on vaibhavbhatnagar with PID 21372 (C:\Users\vaibhav.bhatnagar\Documents\workspace\jdk_1.7\trent-cyclecount-api\target\classes started by vaibhav.bhatnagar in C:\Users\vaibhav.bhatnagar\Documents\workspace\jdk_1.7\trent-cyclecount-api)
2023-02-21 13:38:13,906 [restartedMain] INFO  c.t.c.TrentCyclecountApiApplication                - The following profiles are active: dev
2023-02-21 13:38:13,935 [restartedMain] INFO  o.s.b.c.e.AnnotationConfigEmbeddedWebApplicationContext - Refreshing org.springframework.boot.context.embedded.AnnotationConfigEmbeddedWebApplicationContext@1f65afa: startup date [Tue Feb 21 13:38:13 IST 2023]; root of context hierarchy
2023-02-21 13:38:14,048 [background-preinit] INFO  o.h.validator.internal.util.Version                - HV000001: Hibernate Validator 5.3.6.Final
2023-02-21 13:38:14,812 [restartedMain] INFO  o.s.b.c.e.t.TomcatEmbeddedServletContainer         - Tomcat initialized with port(s): 8085 (https)
2023-02-21 13:38:14,820 [restartedMain] INFO  o.apache.coyote.http11.Http11NioProtocol           - Initializing ProtocolHandler ["https-jsse-nio-127.0.0.1-8085"]
2023-02-21 13:38:14,827 [restartedMain] INFO  org.apache.catalina.core.StandardService           - Starting service [Tomcat]
2023-02-21 13:38:14,828 [restartedMain] INFO  org.apache.catalina.core.StandardEngine            - Starting Servlet Engine: Apache Tomcat/8.5.43
2023-02-21 13:38:14,885 [localhost-startStop-1] INFO  o.a.c.c.C.[Tomcat].[localhost].[/]                 - Initializing Spring embedded WebApplicationContext
2023-02-21 13:38:14,885 [localhost-startStop-1] INFO  o.s.web.context.ContextLoader                      - Root WebApplicationContext: initialization completed in 951 ms
2023-02-21 13:38:15,004 [localhost-startStop-1] INFO  o.s.b.web.servlet.FilterRegistrationBean           - Mapping filter: 'characterEncodingFilter' to: [/*]
2023-02-21 13:38:15,004 [localhost-startStop-1] INFO  o.s.b.web.servlet.FilterRegistrationBean           - Mapping filter: 'hiddenHttpMethodFilter' to: [/*]
2023-02-21 13:38:15,004 [localhost-startStop-1] INFO  o.s.b.web.servlet.FilterRegistrationBean           - Mapping filter: 'httpPutFormContentFilter' to: [/*]
2023-02-21 13:38:15,004 [localhost-startStop-1] INFO  o.s.b.web.servlet.FilterRegistrationBean           - Mapping filter: 'requestContextFilter' to: [/*]
2023-02-21 13:38:15,005 [localhost-startStop-1] INFO  o.s.b.w.s.DelegatingFilterProxyRegistrationBean    - Mapping filter: 'springSecurityFilterChain' to: [/*]
2023-02-21 13:38:15,005 [localhost-startStop-1] INFO  o.s.b.w.servlet.ServletRegistrationBean            - Mapping servlet: 'dispatcherServlet' to [/]
2023-02-21 13:38:15,381 [restartedMain] INFO  o.s.w.s.m.m.a.RequestMappingHandlerAdapter         - Looking for @ControllerAdvice: org.springframework.boot.context.embedded.AnnotationConfigEmbeddedWebApplicationContext@1f65afa: startup date [Tue Feb 21 13:38:13 IST 2023]; root of context hierarchy
2023-02-21 13:38:15,421 [restartedMain] INFO  o.s.w.s.m.m.a.RequestMappingHandlerMapping         - Mapped "{[/trent_api/v1/process_cycle_count/process_count],methods=[POST],consumes=[application/json],produces=[application/json]}" onto public org.springframework.http.ResponseEntity<com.tatatrent.cyclecount.rest.dto.Message> com.tatatrent.cyclecount.rest.controller.RestController.processCount(com.tatatrent.cyclecount.rest.dto.RequestDto) throws java.sql.SQLException
2023-02-21 13:38:15,422 [restartedMain] INFO  o.s.w.s.m.m.a.RequestMappingHandlerMapping         - Mapped "{[/trent_api/v1/process_cycle_count/message],methods=[GET],produces=[application/json]}" onto public org.springframework.http.ResponseEntity<java.lang.String> com.tatatrent.cyclecount.rest.controller.RestController.getMessage()
2023-02-21 13:38:15,427 [restartedMain] INFO  o.s.w.s.m.m.a.RequestMappingHandlerMapping         - Mapped "{[/error],produces=[text/html]}" onto public org.springframework.web.servlet.ModelAndView org.springframework.boot.autoconfigure.web.BasicErrorController.errorHtml(javax.servlet.http.HttpServletRequest,javax.servlet.http.HttpServletResponse)
2023-02-21 13:38:15,427 [restartedMain] INFO  o.s.w.s.m.m.a.RequestMappingHandlerMapping         - Mapped "{[/error]}" onto public org.springframework.http.ResponseEntity<java.util.Map<java.lang.String, java.lang.Object>> org.springframework.boot.autoconfigure.web.BasicErrorController.error(javax.servlet.http.HttpServletRequest)
2023-02-21 13:38:15,448 [restartedMain] INFO  o.s.w.s.handler.SimpleUrlHandlerMapping            - Mapped URL path [/webjars/**] onto handler of type [class org.springframework.web.servlet.resource.ResourceHttpRequestHandler]
2023-02-21 13:38:15,448 [restartedMain] INFO  o.s.w.s.handler.SimpleUrlHandlerMapping            - Mapped URL path [/**] onto handler of type [class org.springframework.web.servlet.resource.ResourceHttpRequestHandler]
2023-02-21 13:38:15,460 [restartedMain] INFO  o.s.w.s.m.m.a.ExceptionHandlerExceptionResolver    - Detected @ExceptionHandler methods in restExceptionHandler
2023-02-21 13:38:15,478 [restartedMain] INFO  o.s.w.s.handler.SimpleUrlHandlerMapping            - Mapped URL path [/**/favicon.ico] onto handler of type [class org.springframework.web.servlet.resource.ResourceHttpRequestHandler]
2023-02-21 13:38:15,665 [restartedMain] INFO  o.s.s.web.DefaultSecurityFilterChain               - Creating filter chain: OrRequestMatcher [requestMatchers=[Ant [pattern='/css/**'], Ant [pattern='/js/**'], Ant [pattern='/images/**'], Ant [pattern='/webjars/**'], Ant [pattern='/**/favicon.ico'], Ant [pattern='/error']]], []
2023-02-21 13:38:15,713 [restartedMain] INFO  o.s.s.web.DefaultSecurityFilterChain               - Creating filter chain: org.springframework.security.web.util.matcher.AnyRequestMatcher@1, [org.springframework.security.web.context.request.async.WebAsyncManagerIntegrationFilter@8274c8, org.springframework.security.web.context.SecurityContextPersistenceFilter@1580e04, org.springframework.security.web.header.HeaderWriterFilter@1a68f55, org.springframework.security.web.authentication.logout.LogoutFilter@64d904, org.springframework.security.web.authentication.www.BasicAuthenticationFilter@aa14e6, org.springframework.security.web.savedrequest.RequestCacheAwareFilter@1d39634, org.springframework.security.web.servletapi.SecurityContextHolderAwareRequestFilter@1886979, org.springframework.security.web.authentication.AnonymousAuthenticationFilter@c10724, org.springframework.security.web.session.SessionManagementFilter@1f98302, org.springframework.security.web.access.ExceptionTranslationFilter@9ca517, org.springframework.security.web.access.intercept.FilterSecurityInterceptor@1baf8cf]
2023-02-21 13:38:15,717 [restartedMain] INFO  o.s.s.web.DefaultSecurityFilterChain               - Creating filter chain: OrRequestMatcher [requestMatchers=[Ant [pattern='/**']]], [org.springframework.security.web.context.request.async.WebAsyncManagerIntegrationFilter@dc54d6, org.springframework.security.web.context.SecurityContextPersistenceFilter@91ea21, org.springframework.security.web.header.HeaderWriterFilter@727853, org.springframework.security.web.authentication.logout.LogoutFilter@caa278, org.springframework.security.web.authentication.www.BasicAuthenticationFilter@1709aa4, org.springframework.security.web.savedrequest.RequestCacheAwareFilter@1a23677, org.springframework.security.web.servletapi.SecurityContextHolderAwareRequestFilter@a5c391, org.springframework.security.web.authentication.AnonymousAuthenticationFilter@145cac4, org.springframework.security.web.session.SessionManagementFilter@1399994, org.springframework.security.web.access.ExceptionTranslationFilter@73c4a2, org.springframework.security.web.access.intercept.FilterSecurityInterceptor@1ed798]
2023-02-21 13:38:15,817 [restartedMain] INFO  o.s.b.d.a.OptionalLiveReloadServer                 - LiveReload server is running on port 35729
2023-02-21 13:38:15,848 [restartedMain] INFO  o.s.j.e.a.AnnotationMBeanExporter                  - Registering beans for JMX exposure on startup
2023-02-21 13:38:15,849 [restartedMain] INFO  o.s.j.e.a.AnnotationMBeanExporter                  - Bean with name 'dataSource' has been autodetected for JMX exposure
2023-02-21 13:38:15,853 [restartedMain] INFO  o.s.j.e.a.AnnotationMBeanExporter                  - Located MBean 'dataSource': registering with JMX server as MBean [com.zaxxer.hikari:name=dataSource,type=HikariDataSource]
2023-02-21 13:38:15,859 [restartedMain] INFO  o.apache.coyote.http11.Http11NioProtocol           - Starting ProtocolHandler ["https-jsse-nio-127.0.0.1-8085"]
2023-02-21 13:38:15,958 [restartedMain] INFO  o.apache.tomcat.util.net.NioSelectorPool           - Using a shared selector for servlet write/read
2023-02-21 13:38:15,965 [restartedMain] INFO  o.s.b.c.e.t.TomcatEmbeddedServletContainer         - Tomcat started on port(s): 8085 (https)
2023-02-21 13:38:15,968 [restartedMain] INFO  c.t.c.TrentCyclecountApiApplication                - Started TrentCyclecountApiApplication in 2.211 seconds (JVM running for 2.871)
2023-02-21 13:38:25,779 [RMI TCP Connection(8)-127.0.0.1] INFO  o.s.b.a.SpringApplicationAdminMXBeanRegistrar$SpringApplicationAdmin - Application shutdown requested.
2023-02-21 13:38:25,779 [RMI TCP Connection(8)-127.0.0.1] INFO  o.s.b.c.e.AnnotationConfigEmbeddedWebApplicationContext - Closing org.springframework.boot.context.embedded.AnnotationConfigEmbeddedWebApplicationContext@1f65afa: startup date [Tue Feb 21 13:38:13 IST 2023]; root of context hierarchy
2023-02-21 13:38:25,782 [RMI TCP Connection(8)-127.0.0.1] INFO  o.s.j.e.a.AnnotationMBeanExporter                  - Unregistering JMX-exposed beans on shutdown
2023-02-21 13:38:25,782 [RMI TCP Connection(8)-127.0.0.1] INFO  o.s.j.e.a.AnnotationMBeanExporter                  - Unregistering JMX-exposed beans
2023-02-21 13:41:17,081 [restartedMain] INFO  c.t.c.TrentCyclecountApiApplication                - Starting TrentCyclecountApiApplication on vaibhavbhatnagar with PID 12152 (C:\Users\vaibhav.bhatnagar\Documents\workspace\jdk_1.7\trent-cyclecount-api\target\classes started by vaibhav.bhatnagar in C:\Users\vaibhav.bhatnagar\Documents\workspace\jdk_1.7\trent-cyclecount-api)
2023-02-21 13:41:17,083 [restartedMain] INFO  c.t.c.TrentCyclecountApiApplication                - The following profiles are active: dev
2023-02-21 13:41:17,111 [restartedMain] INFO  o.s.b.c.e.AnnotationConfigEmbeddedWebApplicationContext - Refreshing org.springframework.boot.context.embedded.AnnotationConfigEmbeddedWebApplicationContext@1bc9c7d: startup date [Tue Feb 21 13:41:17 IST 2023]; root of context hierarchy
2023-02-21 13:41:17,227 [background-preinit] INFO  o.h.validator.internal.util.Version                - HV000001: Hibernate Validator 5.3.6.Final
2023-02-21 13:41:17,981 [restartedMain] INFO  o.s.b.c.e.t.TomcatEmbeddedServletContainer         - Tomcat initialized with port(s): 8085 (https)
2023-02-21 13:41:17,990 [restartedMain] INFO  o.apache.coyote.http11.Http11NioProtocol           - Initializing ProtocolHandler ["https-jsse-nio-127.0.0.1-8085"]
2023-02-21 13:41:17,998 [restartedMain] INFO  org.apache.catalina.core.StandardService           - Starting service [Tomcat]
2023-02-21 13:41:17,999 [restartedMain] INFO  org.apache.catalina.core.StandardEngine            - Starting Servlet Engine: Apache Tomcat/8.5.43
2023-02-21 13:41:18,058 [localhost-startStop-1] INFO  o.a.c.c.C.[Tomcat].[localhost].[/]                 - Initializing Spring embedded WebApplicationContext
2023-02-21 13:41:18,058 [localhost-startStop-1] INFO  o.s.web.context.ContextLoader                      - Root WebApplicationContext: initialization completed in 947 ms
2023-02-21 13:41:18,176 [localhost-startStop-1] INFO  o.s.b.web.servlet.FilterRegistrationBean           - Mapping filter: 'characterEncodingFilter' to: [/*]
2023-02-21 13:41:18,177 [localhost-startStop-1] INFO  o.s.b.web.servlet.FilterRegistrationBean           - Mapping filter: 'hiddenHttpMethodFilter' to: [/*]
2023-02-21 13:41:18,177 [localhost-startStop-1] INFO  o.s.b.web.servlet.FilterRegistrationBean           - Mapping filter: 'httpPutFormContentFilter' to: [/*]
2023-02-21 13:41:18,177 [localhost-startStop-1] INFO  o.s.b.web.servlet.FilterRegistrationBean           - Mapping filter: 'requestContextFilter' to: [/*]
2023-02-21 13:41:18,179 [localhost-startStop-1] INFO  o.s.b.w.s.DelegatingFilterProxyRegistrationBean    - Mapping filter: 'springSecurityFilterChain' to: [/*]
2023-02-21 13:41:18,179 [localhost-startStop-1] INFO  o.s.b.w.servlet.ServletRegistrationBean            - Mapping servlet: 'dispatcherServlet' to [/]
2023-02-21 13:41:18,553 [restartedMain] INFO  o.s.w.s.m.m.a.RequestMappingHandlerAdapter         - Looking for @ControllerAdvice: org.springframework.boot.context.embedded.AnnotationConfigEmbeddedWebApplicationContext@1bc9c7d: startup date [Tue Feb 21 13:41:17 IST 2023]; root of context hierarchy
2023-02-21 13:41:18,631 [restartedMain] INFO  o.s.w.s.m.m.a.RequestMappingHandlerMapping         - Mapped "{[/trent_api/v1/process_cycle_count/process_count],methods=[POST],consumes=[application/json],produces=[application/json]}" onto public org.springframework.http.ResponseEntity<com.tatatrent.cyclecount.rest.dto.Message> com.tatatrent.cyclecount.rest.controller.RestController.processCount(com.tatatrent.cyclecount.rest.dto.RequestDto) throws java.sql.SQLException
2023-02-21 13:41:18,632 [restartedMain] INFO  o.s.w.s.m.m.a.RequestMappingHandlerMapping         - Mapped "{[/trent_api/v1/process_cycle_count/message],methods=[GET],produces=[application/json]}" onto public org.springframework.http.ResponseEntity<java.lang.String> com.tatatrent.cyclecount.rest.controller.RestController.getMessage()
2023-02-21 13:41:18,634 [restartedMain] INFO  o.s.w.s.m.m.a.RequestMappingHandlerMapping         - Mapped "{[/error],produces=[text/html]}" onto public org.springframework.web.servlet.ModelAndView org.springframework.boot.autoconfigure.web.BasicErrorController.errorHtml(javax.servlet.http.HttpServletRequest,javax.servlet.http.HttpServletResponse)
2023-02-21 13:41:18,634 [restartedMain] INFO  o.s.w.s.m.m.a.RequestMappingHandlerMapping         - Mapped "{[/error]}" onto public org.springframework.http.ResponseEntity<java.util.Map<java.lang.String, java.lang.Object>> org.springframework.boot.autoconfigure.web.BasicErrorController.error(javax.servlet.http.HttpServletRequest)
2023-02-21 13:41:18,656 [restartedMain] INFO  o.s.w.s.handler.SimpleUrlHandlerMapping            - Mapped URL path [/webjars/**] onto handler of type [class org.springframework.web.servlet.resource.ResourceHttpRequestHandler]
2023-02-21 13:41:18,656 [restartedMain] INFO  o.s.w.s.handler.SimpleUrlHandlerMapping            - Mapped URL path [/**] onto handler of type [class org.springframework.web.servlet.resource.ResourceHttpRequestHandler]
2023-02-21 13:41:18,665 [restartedMain] INFO  o.s.w.s.m.m.a.ExceptionHandlerExceptionResolver    - Detected @ExceptionHandler methods in restExceptionHandler
2023-02-21 13:41:18,678 [restartedMain] INFO  o.s.w.s.handler.SimpleUrlHandlerMapping            - Mapped URL path [/**/favicon.ico] onto handler of type [class org.springframework.web.servlet.resource.ResourceHttpRequestHandler]
2023-02-21 13:41:18,805 [restartedMain] INFO  o.s.s.web.DefaultSecurityFilterChain               - Creating filter chain: OrRequestMatcher [requestMatchers=[Ant [pattern='/css/**'], Ant [pattern='/js/**'], Ant [pattern='/images/**'], Ant [pattern='/webjars/**'], Ant [pattern='/**/favicon.ico'], Ant [pattern='/error']]], []
2023-02-21 13:41:18,852 [restartedMain] INFO  o.s.s.web.DefaultSecurityFilterChain               - Creating filter chain: org.springframework.security.web.util.matcher.AnyRequestMatcher@1, [org.springframework.security.web.context.request.async.WebAsyncManagerIntegrationFilter@48ff99, org.springframework.security.web.context.SecurityContextPersistenceFilter@722368, org.springframework.security.web.header.HeaderWriterFilter@b96b7b, org.springframework.security.web.authentication.logout.LogoutFilter@1d4eeea, org.springframework.security.web.authentication.www.BasicAuthenticationFilter@192dc2b, org.springframework.security.web.savedrequest.RequestCacheAwareFilter@1fa87c5, org.springframework.security.web.servletapi.SecurityContextHolderAwareRequestFilter@1ee1623, org.springframework.security.web.authentication.AnonymousAuthenticationFilter@84b8d5, org.springframework.security.web.session.SessionManagementFilter@efaf24, org.springframework.security.web.access.ExceptionTranslationFilter@1023bd6, org.springframework.security.web.access.intercept.FilterSecurityInterceptor@3ec35a]
2023-02-21 13:41:18,856 [restartedMain] INFO  o.s.s.web.DefaultSecurityFilterChain               - Creating filter chain: OrRequestMatcher [requestMatchers=[Ant [pattern='/**']]], [org.springframework.security.web.context.request.async.WebAsyncManagerIntegrationFilter@1de785b, org.springframework.security.web.context.SecurityContextPersistenceFilter@f4643f, org.springframework.security.web.header.HeaderWriterFilter@1b8a47f, org.springframework.security.web.authentication.logout.LogoutFilter@44f747, org.springframework.security.web.authentication.www.BasicAuthenticationFilter@1c67d6f, org.springframework.security.web.savedrequest.RequestCacheAwareFilter@e16496, org.springframework.security.web.servletapi.SecurityContextHolderAwareRequestFilter@192cadf, org.springframework.security.web.authentication.AnonymousAuthenticationFilter@afa473, org.springframework.security.web.session.SessionManagementFilter@1e2f3, org.springframework.security.web.access.ExceptionTranslationFilter@1709aa4, org.springframework.security.web.access.intercept.FilterSecurityInterceptor@10f17b9]
2023-02-21 13:41:18,963 [restartedMain] INFO  o.s.b.d.a.OptionalLiveReloadServer                 - LiveReload server is running on port 35729
2023-02-21 13:41:18,990 [restartedMain] INFO  o.s.j.e.a.AnnotationMBeanExporter                  - Registering beans for JMX exposure on startup
2023-02-21 13:41:18,990 [restartedMain] INFO  o.s.j.e.a.AnnotationMBeanExporter                  - Bean with name 'dataSource' has been autodetected for JMX exposure
2023-02-21 13:41:18,994 [restartedMain] INFO  o.s.j.e.a.AnnotationMBeanExporter                  - Located MBean 'dataSource': registering with JMX server as MBean [com.zaxxer.hikari:name=dataSource,type=HikariDataSource]
2023-02-21 13:41:18,999 [restartedMain] INFO  o.apache.coyote.http11.Http11NioProtocol           - Starting ProtocolHandler ["https-jsse-nio-127.0.0.1-8085"]
2023-02-21 13:41:19,099 [restartedMain] INFO  o.apache.tomcat.util.net.NioSelectorPool           - Using a shared selector for servlet write/read
2023-02-21 13:41:19,106 [restartedMain] INFO  o.s.b.c.e.t.TomcatEmbeddedServletContainer         - Tomcat started on port(s): 8085 (https)
2023-02-21 13:41:19,109 [restartedMain] INFO  c.t.c.TrentCyclecountApiApplication                - Started TrentCyclecountApiApplication in 2.182 seconds (JVM running for 2.842)
2023-02-21 13:41:30,570 [RMI TCP Connection(6)-127.0.0.1] INFO  o.s.b.a.SpringApplicationAdminMXBeanRegistrar$SpringApplicationAdmin - Application shutdown requested.
2023-02-21 13:41:30,571 [RMI TCP Connection(6)-127.0.0.1] INFO  o.s.b.c.e.AnnotationConfigEmbeddedWebApplicationContext - Closing org.springframework.boot.context.embedded.AnnotationConfigEmbeddedWebApplicationContext@1bc9c7d: startup date [Tue Feb 21 13:41:17 IST 2023]; root of context hierarchy
2023-02-21 13:41:30,572 [RMI TCP Connection(6)-127.0.0.1] INFO  o.s.j.e.a.AnnotationMBeanExporter                  - Unregistering JMX-exposed beans on shutdown
2023-02-21 13:41:30,573 [RMI TCP Connection(6)-127.0.0.1] INFO  o.s.j.e.a.AnnotationMBeanExporter                  - Unregistering JMX-exposed beans
2023-02-21 13:41:54,017 [restartedMain] INFO  c.t.c.TrentCyclecountApiApplication                - Starting TrentCyclecountApiApplication on vaibhavbhatnagar with PID 12636 (C:\Users\vaibhav.bhatnagar\Documents\workspace\jdk_1.7\trent-cyclecount-api\target\classes started by vaibhav.bhatnagar in C:\Users\vaibhav.bhatnagar\Documents\workspace\jdk_1.7\trent-cyclecount-api)
2023-02-21 13:41:54,018 [restartedMain] INFO  c.t.c.TrentCyclecountApiApplication                - The following profiles are active: dev
2023-02-21 13:41:54,047 [restartedMain] INFO  o.s.b.c.e.AnnotationConfigEmbeddedWebApplicationContext - Refreshing org.springframework.boot.context.embedded.AnnotationConfigEmbeddedWebApplicationContext@95c398: startup date [Tue Feb 21 13:41:54 IST 2023]; root of context hierarchy
2023-02-21 13:41:54,167 [background-preinit] INFO  o.h.validator.internal.util.Version                - HV000001: Hibernate Validator 5.3.6.Final
2023-02-21 13:41:54,918 [restartedMain] INFO  o.s.b.c.e.t.TomcatEmbeddedServletContainer         - Tomcat initialized with port(s): 8085 (https)
2023-02-21 13:41:54,926 [restartedMain] INFO  o.apache.coyote.http11.Http11NioProtocol           - Initializing ProtocolHandler ["https-jsse-nio-127.0.0.1-8085"]
2023-02-21 13:41:54,935 [restartedMain] INFO  org.apache.catalina.core.StandardService           - Starting service [Tomcat]
2023-02-21 13:41:54,935 [restartedMain] INFO  org.apache.catalina.core.StandardEngine            - Starting Servlet Engine: Apache Tomcat/8.5.43
2023-02-21 13:41:54,992 [localhost-startStop-1] INFO  o.a.c.c.C.[Tomcat].[localhost].[/]                 - Initializing Spring embedded WebApplicationContext
2023-02-21 13:41:54,992 [localhost-startStop-1] INFO  o.s.web.context.ContextLoader                      - Root WebApplicationContext: initialization completed in 945 ms
2023-02-21 13:41:55,108 [localhost-startStop-1] INFO  o.s.b.web.servlet.FilterRegistrationBean           - Mapping filter: 'characterEncodingFilter' to: [/*]
2023-02-21 13:41:55,108 [localhost-startStop-1] INFO  o.s.b.web.servlet.FilterRegistrationBean           - Mapping filter: 'hiddenHttpMethodFilter' to: [/*]
2023-02-21 13:41:55,108 [localhost-startStop-1] INFO  o.s.b.web.servlet.FilterRegistrationBean           - Mapping filter: 'httpPutFormContentFilter' to: [/*]
2023-02-21 13:41:55,108 [localhost-startStop-1] INFO  o.s.b.web.servlet.FilterRegistrationBean           - Mapping filter: 'requestContextFilter' to: [/*]
2023-02-21 13:41:55,109 [localhost-startStop-1] INFO  o.s.b.w.s.DelegatingFilterProxyRegistrationBean    - Mapping filter: 'springSecurityFilterChain' to: [/*]
2023-02-21 13:41:55,109 [localhost-startStop-1] INFO  o.s.b.w.servlet.ServletRegistrationBean            - Mapping servlet: 'dispatcherServlet' to [/]
2023-02-21 13:41:55,483 [restartedMain] INFO  o.s.w.s.m.m.a.RequestMappingHandlerAdapter         - Looking for @ControllerAdvice: org.springframework.boot.context.embedded.AnnotationConfigEmbeddedWebApplicationContext@95c398: startup date [Tue Feb 21 13:41:54 IST 2023]; root of context hierarchy
2023-02-21 13:41:55,561 [restartedMain] INFO  o.s.w.s.m.m.a.RequestMappingHandlerMapping         - Mapped "{[/trent_api/v1/process_cycle_count/process_count],methods=[POST],consumes=[application/json],produces=[application/json]}" onto public org.springframework.http.ResponseEntity<com.tatatrent.cyclecount.rest.dto.Message> com.tatatrent.cyclecount.rest.controller.RestController.processCount(com.tatatrent.cyclecount.rest.dto.RequestDto) throws java.sql.SQLException
2023-02-21 13:41:55,562 [restartedMain] INFO  o.s.w.s.m.m.a.RequestMappingHandlerMapping         - Mapped "{[/trent_api/v1/process_cycle_count/message],methods=[GET],produces=[application/json]}" onto public org.springframework.http.ResponseEntity<java.lang.String> com.tatatrent.cyclecount.rest.controller.RestController.getMessage()
2023-02-21 13:41:55,563 [restartedMain] INFO  o.s.w.s.m.m.a.RequestMappingHandlerMapping         - Mapped "{[/error],produces=[text/html]}" onto public org.springframework.web.servlet.ModelAndView org.springframework.boot.autoconfigure.web.BasicErrorController.errorHtml(javax.servlet.http.HttpServletRequest,javax.servlet.http.HttpServletResponse)
2023-02-21 13:41:55,563 [restartedMain] INFO  o.s.w.s.m.m.a.RequestMappingHandlerMapping         - Mapped "{[/error]}" onto public org.springframework.http.ResponseEntity<java.util.Map<java.lang.String, java.lang.Object>> org.springframework.boot.autoconfigure.web.BasicErrorController.error(javax.servlet.http.HttpServletRequest)
2023-02-21 13:41:55,580 [restartedMain] INFO  o.s.w.s.handler.SimpleUrlHandlerMapping            - Mapped URL path [/webjars/**] onto handler of type [class org.springframework.web.servlet.resource.ResourceHttpRequestHandler]
2023-02-21 13:41:55,581 [restartedMain] INFO  o.s.w.s.handler.SimpleUrlHandlerMapping            - Mapped URL path [/**] onto handler of type [class org.springframework.web.servlet.resource.ResourceHttpRequestHandler]
2023-02-21 13:41:55,591 [restartedMain] INFO  o.s.w.s.m.m.a.ExceptionHandlerExceptionResolver    - Detected @ExceptionHandler methods in restExceptionHandler
2023-02-21 13:41:55,607 [restartedMain] INFO  o.s.w.s.handler.SimpleUrlHandlerMapping            - Mapped URL path [/**/favicon.ico] onto handler of type [class org.springframework.web.servlet.resource.ResourceHttpRequestHandler]
2023-02-21 13:41:55,732 [restartedMain] INFO  o.s.s.web.DefaultSecurityFilterChain               - Creating filter chain: OrRequestMatcher [requestMatchers=[Ant [pattern='/css/**'], Ant [pattern='/js/**'], Ant [pattern='/images/**'], Ant [pattern='/webjars/**'], Ant [pattern='/**/favicon.ico'], Ant [pattern='/error']]], []
2023-02-21 13:41:55,781 [restartedMain] INFO  o.s.s.web.DefaultSecurityFilterChain               - Creating filter chain: org.springframework.security.web.util.matcher.AnyRequestMatcher@1, [org.springframework.security.web.context.request.async.WebAsyncManagerIntegrationFilter@87be88, org.springframework.security.web.context.SecurityContextPersistenceFilter@da4d10, org.springframework.security.web.header.HeaderWriterFilter@77b6d6, org.springframework.security.web.authentication.logout.LogoutFilter@1f2a544, org.springframework.security.web.authentication.www.BasicAuthenticationFilter@1d4eeea, org.springframework.security.web.savedrequest.RequestCacheAwareFilter@7dfcae, org.springframework.security.web.servletapi.SecurityContextHolderAwareRequestFilter@136c834, org.springframework.security.web.authentication.AnonymousAuthenticationFilter@1ee1297, org.springframework.security.web.session.SessionManagementFilter@4cf3eb, org.springframework.security.web.access.ExceptionTranslationFilter@176e6f, org.springframework.security.web.access.intercept.FilterSecurityInterceptor@a03871]
2023-02-21 13:41:55,784 [restartedMain] INFO  o.s.s.web.DefaultSecurityFilterChain               - Creating filter chain: OrRequestMatcher [requestMatchers=[Ant [pattern='/**']]], [org.springframework.security.web.context.request.async.WebAsyncManagerIntegrationFilter@153914e, org.springframework.security.web.context.SecurityContextPersistenceFilter@182b279, org.springframework.security.web.header.HeaderWriterFilter@48ff99, org.springframework.security.web.authentication.logout.LogoutFilter@727853, org.springframework.security.web.authentication.www.BasicAuthenticationFilter@1399994, org.springframework.security.web.savedrequest.RequestCacheAwareFilter@19330f7, org.springframework.security.web.servletapi.SecurityContextHolderAwareRequestFilter@73c4a2, org.springframework.security.web.authentication.AnonymousAuthenticationFilter@168a6ec, org.springframework.security.web.session.SessionManagementFilter@84b8d5, org.springframework.security.web.access.ExceptionTranslationFilter@12bd37a, org.springframework.security.web.access.intercept.FilterSecurityInterceptor@d0d127]
2023-02-21 13:41:55,881 [restartedMain] INFO  o.s.b.d.a.OptionalLiveReloadServer                 - LiveReload server is running on port 35729
2023-02-21 13:41:55,910 [restartedMain] INFO  o.s.j.e.a.AnnotationMBeanExporter                  - Registering beans for JMX exposure on startup
2023-02-21 13:41:55,910 [restartedMain] INFO  o.s.j.e.a.AnnotationMBeanExporter                  - Bean with name 'dataSource' has been autodetected for JMX exposure
2023-02-21 13:41:55,914 [restartedMain] INFO  o.s.j.e.a.AnnotationMBeanExporter                  - Located MBean 'dataSource': registering with JMX server as MBean [com.zaxxer.hikari:name=dataSource,type=HikariDataSource]
2023-02-21 13:41:55,919 [restartedMain] INFO  o.apache.coyote.http11.Http11NioProtocol           - Starting ProtocolHandler ["https-jsse-nio-127.0.0.1-8085"]
2023-02-21 13:41:56,014 [restartedMain] INFO  o.apache.tomcat.util.net.NioSelectorPool           - Using a shared selector for servlet write/read
2023-02-21 13:41:56,021 [restartedMain] INFO  o.s.b.c.e.t.TomcatEmbeddedServletContainer         - Tomcat started on port(s): 8085 (https)
2023-02-21 13:41:56,023 [restartedMain] INFO  c.t.c.TrentCyclecountApiApplication                - Started TrentCyclecountApiApplication in 2.163 seconds (JVM running for 2.854)
2023-02-21 13:42:09,754 [https-jsse-nio-127.0.0.1-8085-exec-7] INFO  o.a.c.c.C.[Tomcat].[localhost].[/]                 - Initializing Spring FrameworkServlet 'dispatcherServlet'
2023-02-21 13:42:09,755 [https-jsse-nio-127.0.0.1-8085-exec-7] INFO  o.s.web.servlet.DispatcherServlet                  - FrameworkServlet 'dispatcherServlet': initialization started
2023-02-21 13:42:09,769 [https-jsse-nio-127.0.0.1-8085-exec-7] INFO  o.s.web.servlet.DispatcherServlet                  - FrameworkServlet 'dispatcherServlet': initialization completed in 14 ms
2023-02-21 13:42:09,793 [https-jsse-nio-127.0.0.1-8085-exec-7] INFO  c.t.c.rest.controller.RestController               - Inside RestController.getMessage()
2023-02-21 13:42:17,503 [RMI TCP Connection(6)-127.0.0.1] INFO  o.s.b.a.SpringApplicationAdminMXBeanRegistrar$SpringApplicationAdmin - Application shutdown requested.
2023-02-21 13:42:17,504 [RMI TCP Connection(6)-127.0.0.1] INFO  o.s.b.c.e.AnnotationConfigEmbeddedWebApplicationContext - Closing org.springframework.boot.context.embedded.AnnotationConfigEmbeddedWebApplicationContext@95c398: startup date [Tue Feb 21 13:41:54 IST 2023]; root of context hierarchy
2023-02-21 13:42:17,508 [RMI TCP Connection(6)-127.0.0.1] INFO  o.s.j.e.a.AnnotationMBeanExporter                  - Unregistering JMX-exposed beans on shutdown
2023-02-21 13:42:17,509 [RMI TCP Connection(6)-127.0.0.1] INFO  o.s.j.e.a.AnnotationMBeanExporter                  - Unregistering JMX-exposed beans
2023-02-21 18:43:39,605 [restartedMain] INFO  c.t.c.TrentCyclecountApiApplication                - Starting TrentCyclecountApiApplication on vaibhavbhatnagar with PID 23512 (C:\Users\vaibhav.bhatnagar\Documents\workspace\jdk_1.7\trent-cyclecount-api\target\classes started by vaibhav.bhatnagar in C:\Users\vaibhav.bhatnagar\Documents\workspace\jdk_1.7\trent-cyclecount-api)
2023-02-21 18:43:39,607 [restartedMain] INFO  c.t.c.TrentCyclecountApiApplication                - The following profiles are active: dev
2023-02-21 18:43:39,635 [restartedMain] INFO  o.s.b.c.e.AnnotationConfigEmbeddedWebApplicationContext - Refreshing org.springframework.boot.context.embedded.AnnotationConfigEmbeddedWebApplicationContext@c5f7c0: startup date [Tue Feb 21 18:43:39 IST 2023]; root of context hierarchy
2023-02-21 18:43:39,755 [background-preinit] INFO  o.h.validator.internal.util.Version                - HV000001: Hibernate Validator 5.3.6.Final
2023-02-21 18:43:40,557 [restartedMain] INFO  o.s.b.c.e.t.TomcatEmbeddedServletContainer         - Tomcat initialized with port(s): 8085 (https)
2023-02-21 18:43:40,568 [restartedMain] INFO  o.apache.coyote.http11.Http11NioProtocol           - Initializing ProtocolHandler ["https-jsse-nio-127.0.0.1-8085"]
2023-02-21 18:43:40,575 [restartedMain] INFO  org.apache.catalina.core.StandardService           - Starting service [Tomcat]
2023-02-21 18:43:40,575 [restartedMain] INFO  org.apache.catalina.core.StandardEngine            - Starting Servlet Engine: Apache Tomcat/8.5.43
2023-02-21 18:43:40,637 [localhost-startStop-1] INFO  o.a.c.c.C.[Tomcat].[localhost].[/]                 - Initializing Spring embedded WebApplicationContext
2023-02-21 18:43:40,638 [localhost-startStop-1] INFO  o.s.web.context.ContextLoader                      - Root WebApplicationContext: initialization completed in 1003 ms
2023-02-21 18:43:40,760 [localhost-startStop-1] INFO  o.s.b.web.servlet.FilterRegistrationBean           - Mapping filter: 'characterEncodingFilter' to: [/*]
2023-02-21 18:43:40,760 [localhost-startStop-1] INFO  o.s.b.web.servlet.FilterRegistrationBean           - Mapping filter: 'hiddenHttpMethodFilter' to: [/*]
2023-02-21 18:43:40,760 [localhost-startStop-1] INFO  o.s.b.web.servlet.FilterRegistrationBean           - Mapping filter: 'httpPutFormContentFilter' to: [/*]
2023-02-21 18:43:40,760 [localhost-startStop-1] INFO  o.s.b.web.servlet.FilterRegistrationBean           - Mapping filter: 'requestContextFilter' to: [/*]
2023-02-21 18:43:40,761 [localhost-startStop-1] INFO  o.s.b.w.s.DelegatingFilterProxyRegistrationBean    - Mapping filter: 'springSecurityFilterChain' to: [/*]
2023-02-21 18:43:40,761 [localhost-startStop-1] INFO  o.s.b.w.servlet.ServletRegistrationBean            - Mapping servlet: 'dispatcherServlet' to [/]
2023-02-21 18:43:41,154 [restartedMain] INFO  o.s.w.s.m.m.a.RequestMappingHandlerAdapter         - Looking for @ControllerAdvice: org.springframework.boot.context.embedded.AnnotationConfigEmbeddedWebApplicationContext@c5f7c0: startup date [Tue Feb 21 18:43:39 IST 2023]; root of context hierarchy
2023-02-21 18:43:41,233 [restartedMain] INFO  o.s.w.s.m.m.a.RequestMappingHandlerMapping         - Mapped "{[/trent_api/v1/process_cycle_count/process_count],methods=[POST],consumes=[application/json],produces=[application/json]}" onto public org.springframework.http.ResponseEntity<com.tatatrent.cyclecount.rest.dto.Message> com.tatatrent.cyclecount.rest.controller.RestController.processCount(com.tatatrent.cyclecount.rest.dto.RequestDto) throws java.sql.SQLException
2023-02-21 18:43:41,234 [restartedMain] INFO  o.s.w.s.m.m.a.RequestMappingHandlerMapping         - Mapped "{[/trent_api/v1/process_cycle_count/message],methods=[GET],produces=[application/json]}" onto public org.springframework.http.ResponseEntity<java.lang.String> com.tatatrent.cyclecount.rest.controller.RestController.getMessage()
2023-02-21 18:43:41,238 [restartedMain] INFO  o.s.w.s.m.m.a.RequestMappingHandlerMapping         - Mapped "{[/error],produces=[text/html]}" onto public org.springframework.web.servlet.ModelAndView org.springframework.boot.autoconfigure.web.BasicErrorController.errorHtml(javax.servlet.http.HttpServletRequest,javax.servlet.http.HttpServletResponse)
2023-02-21 18:43:41,239 [restartedMain] INFO  o.s.w.s.m.m.a.RequestMappingHandlerMapping         - Mapped "{[/error]}" onto public org.springframework.http.ResponseEntity<java.util.Map<java.lang.String, java.lang.Object>> org.springframework.boot.autoconfigure.web.BasicErrorController.error(javax.servlet.http.HttpServletRequest)
2023-02-21 18:43:41,257 [restartedMain] INFO  o.s.w.s.handler.SimpleUrlHandlerMapping            - Mapped URL path [/webjars/**] onto handler of type [class org.springframework.web.servlet.resource.ResourceHttpRequestHandler]
2023-02-21 18:43:41,258 [restartedMain] INFO  o.s.w.s.handler.SimpleUrlHandlerMapping            - Mapped URL path [/**] onto handler of type [class org.springframework.web.servlet.resource.ResourceHttpRequestHandler]
2023-02-21 18:43:41,268 [restartedMain] INFO  o.s.w.s.m.m.a.ExceptionHandlerExceptionResolver    - Detected @ExceptionHandler methods in restExceptionHandler
2023-02-21 18:43:41,285 [restartedMain] INFO  o.s.w.s.handler.SimpleUrlHandlerMapping            - Mapped URL path [/**/favicon.ico] onto handler of type [class org.springframework.web.servlet.resource.ResourceHttpRequestHandler]
2023-02-21 18:43:41,414 [restartedMain] INFO  o.s.s.web.DefaultSecurityFilterChain               - Creating filter chain: OrRequestMatcher [requestMatchers=[Ant [pattern='/css/**'], Ant [pattern='/js/**'], Ant [pattern='/images/**'], Ant [pattern='/webjars/**'], Ant [pattern='/**/favicon.ico'], Ant [pattern='/error']]], []
2023-02-21 18:43:41,465 [restartedMain] INFO  o.s.s.web.DefaultSecurityFilterChain               - Creating filter chain: org.springframework.security.web.util.matcher.AnyRequestMatcher@1, [org.springframework.security.web.context.request.async.WebAsyncManagerIntegrationFilter@93db87, org.springframework.security.web.context.SecurityContextPersistenceFilter@efaf24, org.springframework.security.web.header.HeaderWriterFilter@10d3e69, org.springframework.security.web.authentication.logout.LogoutFilter@138f1b, org.springframework.security.web.authentication.www.BasicAuthenticationFilter@994c20, org.springframework.security.web.savedrequest.RequestCacheAwareFilter@722368, org.springframework.security.web.servletapi.SecurityContextHolderAwareRequestFilter@bb7235, org.springframework.security.web.authentication.AnonymousAuthenticationFilter@131a14a, org.springframework.security.web.session.SessionManagementFilter@7dfcae, org.springframework.security.web.access.ExceptionTranslationFilter@184ca00, org.springframework.security.web.access.intercept.FilterSecurityInterceptor@6b6a02]
2023-02-21 18:43:41,469 [restartedMain] INFO  o.s.s.web.DefaultSecurityFilterChain               - Creating filter chain: OrRequestMatcher [requestMatchers=[Ant [pattern='/**']]], [org.springframework.security.web.context.request.async.WebAsyncManagerIntegrationFilter@14406e4, org.springframework.security.web.context.SecurityContextPersistenceFilter@102962a, org.springframework.security.web.header.HeaderWriterFilter@1fb7a3c, org.springframework.security.web.authentication.logout.LogoutFilter@168a6ec, org.springframework.security.web.authentication.www.BasicAuthenticationFilter@1a6fdcf, org.springframework.security.web.savedrequest.RequestCacheAwareFilter@d0d127, org.springframework.security.web.servletapi.SecurityContextHolderAwareRequestFilter@153914e, org.springframework.security.web.authentication.AnonymousAuthenticationFilter@1208121, org.springframework.security.web.session.SessionManagementFilter@1160677, org.springframework.security.web.access.ExceptionTranslationFilter@55252c, org.springframework.security.web.access.intercept.FilterSecurityInterceptor@c8be46]
2023-02-21 18:43:41,576 [restartedMain] INFO  o.s.b.d.a.OptionalLiveReloadServer                 - LiveReload server is running on port 35729
2023-02-21 18:43:41,605 [restartedMain] INFO  o.s.j.e.a.AnnotationMBeanExporter                  - Registering beans for JMX exposure on startup
2023-02-21 18:43:41,606 [restartedMain] INFO  o.s.j.e.a.AnnotationMBeanExporter                  - Bean with name 'dataSource' has been autodetected for JMX exposure
2023-02-21 18:43:41,610 [restartedMain] INFO  o.s.j.e.a.AnnotationMBeanExporter                  - Located MBean 'dataSource': registering with JMX server as MBean [com.zaxxer.hikari:name=dataSource,type=HikariDataSource]
2023-02-21 18:43:41,616 [restartedMain] INFO  o.apache.coyote.http11.Http11NioProtocol           - Starting ProtocolHandler ["https-jsse-nio-127.0.0.1-8085"]
2023-02-21 18:43:41,730 [restartedMain] INFO  o.apache.tomcat.util.net.NioSelectorPool           - Using a shared selector for servlet write/read
2023-02-21 18:43:41,741 [restartedMain] INFO  o.s.b.c.e.t.TomcatEmbeddedServletContainer         - Tomcat started on port(s): 8085 (https)
2023-02-21 18:43:41,745 [restartedMain] INFO  c.t.c.TrentCyclecountApiApplication                - Started TrentCyclecountApiApplication in 2.302 seconds (JVM running for 3.126)
2023-02-21 18:44:15,894 [https-jsse-nio-127.0.0.1-8085-exec-5] INFO  o.a.c.c.C.[Tomcat].[localhost].[/]                 - Initializing Spring FrameworkServlet 'dispatcherServlet'
2023-02-21 18:44:15,894 [https-jsse-nio-127.0.0.1-8085-exec-5] INFO  o.s.web.servlet.DispatcherServlet                  - FrameworkServlet 'dispatcherServlet': initialization started
2023-02-21 18:44:15,922 [https-jsse-nio-127.0.0.1-8085-exec-5] INFO  o.s.web.servlet.DispatcherServlet                  - FrameworkServlet 'dispatcherServlet': initialization completed in 28 ms
2023-02-21 18:44:15,939 [https-jsse-nio-127.0.0.1-8085-exec-5] INFO  com.zaxxer.hikari.HikariDataSource                 - HikariPool-0 - is starting.
2023-02-21 18:44:17,480 [https-jsse-nio-127.0.0.1-8085-exec-5] WARN  o.s.web.servlet.PageNotFound                       - Request method 'POST' not supported
2023-02-21 18:44:17,492 [https-jsse-nio-127.0.0.1-8085-exec-5] WARN  o.s.w.s.m.m.a.ExceptionHandlerExceptionResolver    - Resolved exception caused by handler execution: org.springframework.web.HttpRequestMethodNotSupportedException: Request method 'POST' not supported
2023-02-21 18:44:25,457 [https-jsse-nio-127.0.0.1-8085-exec-6] INFO  c.t.c.rest.controller.RestController               - Inside RestController.getMessage()
2023-02-21 19:20:05,970 [RMI TCP Connection(45)-127.0.0.1] INFO  o.s.b.a.SpringApplicationAdminMXBeanRegistrar$SpringApplicationAdmin - Application shutdown requested.
2023-02-21 19:20:05,970 [RMI TCP Connection(45)-127.0.0.1] INFO  o.s.b.c.e.AnnotationConfigEmbeddedWebApplicationContext - Closing org.springframework.boot.context.embedded.AnnotationConfigEmbeddedWebApplicationContext@c5f7c0: startup date [Tue Feb 21 18:43:39 IST 2023]; root of context hierarchy
2023-02-21 19:20:05,972 [RMI TCP Connection(45)-127.0.0.1] INFO  o.s.j.e.a.AnnotationMBeanExporter                  - Unregistering JMX-exposed beans on shutdown
2023-02-21 19:20:05,972 [RMI TCP Connection(45)-127.0.0.1] INFO  o.s.j.e.a.AnnotationMBeanExporter                  - Unregistering JMX-exposed beans
2023-02-21 19:20:05,973 [RMI TCP Connection(45)-127.0.0.1] INFO  com.zaxxer.hikari.pool.HikariPool                  - HikariPool-0 - is closing down.
