2023-02-16 17:23:50,259 [restartedMain] INFO  c.t.c.TrentCyclecountApiApplication                - Starting TrentCyclecountApiApplication on vaibhavbhatnagar with PID 17808 (C:\Users\vaibhav.bhatnagar\Documents\workspace\jdk_1.7\trent-cyclecount-api\target\classes started by vaibhav.bhatnagar in C:\Users\vaibhav.bhatnagar\Documents\workspace\jdk_1.7\trent-cyclecount-api)
2023-02-16 17:23:50,261 [restartedMain] INFO  c.t.c.TrentCyclecountApiApplication                - The following profiles are active: uat
2023-02-16 17:23:50,289 [restartedMain] INFO  o.s.b.c.e.AnnotationConfigEmbeddedWebApplicationContext - Refreshing org.springframework.boot.context.embedded.AnnotationConfigEmbeddedWebApplicationContext@a7e4d9: startup date [Thu Feb 16 17:23:50 IST 2023]; root of context hierarchy
2023-02-16 17:23:50,407 [background-preinit] INFO  o.h.validator.internal.util.Version                - HV000001: Hibernate Validator 5.3.6.Final
2023-02-16 17:23:51,234 [restartedMain] INFO  o.s.b.c.e.t.TomcatEmbeddedServletContainer         - Tomcat initialized with port(s): 8085 (http)
2023-02-16 17:23:51,242 [restartedMain] INFO  o.apache.coyote.http11.Http11NioProtocol           - Initializing ProtocolHandler ["http-nio-192.168.0.30-8085"]
2023-02-16 17:23:51,250 [restartedMain] INFO  org.apache.catalina.core.StandardService           - Starting service [Tomcat]
2023-02-16 17:23:51,250 [restartedMain] INFO  org.apache.catalina.core.StandardEngine            - Starting Servlet Engine: Apache Tomcat/8.5.43
2023-02-16 17:23:51,306 [localhost-startStop-1] INFO  o.a.c.c.C.[Tomcat].[localhost].[/]                 - Initializing Spring embedded WebApplicationContext
2023-02-16 17:23:51,306 [localhost-startStop-1] INFO  o.s.web.context.ContextLoader                      - Root WebApplicationContext: initialization completed in 1017 ms
2023-02-16 17:23:51,427 [localhost-startStop-1] INFO  o.s.b.web.servlet.FilterRegistrationBean           - Mapping filter: 'characterEncodingFilter' to: [/*]
2023-02-16 17:23:51,428 [localhost-startStop-1] INFO  o.s.b.web.servlet.FilterRegistrationBean           - Mapping filter: 'hiddenHttpMethodFilter' to: [/*]
2023-02-16 17:23:51,428 [localhost-startStop-1] INFO  o.s.b.web.servlet.FilterRegistrationBean           - Mapping filter: 'httpPutFormContentFilter' to: [/*]
2023-02-16 17:23:51,428 [localhost-startStop-1] INFO  o.s.b.web.servlet.FilterRegistrationBean           - Mapping filter: 'requestContextFilter' to: [/*]
2023-02-16 17:23:51,428 [localhost-startStop-1] INFO  o.s.b.w.s.DelegatingFilterProxyRegistrationBean    - Mapping filter: 'springSecurityFilterChain' to: [/*]
2023-02-16 17:23:51,429 [localhost-startStop-1] INFO  o.s.b.w.servlet.ServletRegistrationBean            - Mapping servlet: 'dispatcherServlet' to [/]
2023-02-16 17:23:51,792 [restartedMain] INFO  o.s.w.s.m.m.a.RequestMappingHandlerAdapter         - Looking for @ControllerAdvice: org.springframework.boot.context.embedded.AnnotationConfigEmbeddedWebApplicationContext@a7e4d9: startup date [Thu Feb 16 17:23:50 IST 2023]; root of context hierarchy
2023-02-16 17:23:51,830 [restartedMain] INFO  o.s.w.s.m.m.a.RequestMappingHandlerMapping         - Mapped "{[/trent_api/v1/process_cycle_count/process_count],methods=[POST],consumes=[application/json],produces=[application/json]}" onto public org.springframework.http.ResponseEntity<com.tatatrent.cyclecount.rest.dto.Message> com.tatatrent.cyclecount.rest.controller.RestController.processCount(com.tatatrent.cyclecount.rest.dto.RequestDto) throws java.sql.SQLException
2023-02-16 17:23:51,831 [restartedMain] INFO  o.s.w.s.m.m.a.RequestMappingHandlerMapping         - Mapped "{[/trent_api/v1/process_cycle_count/message],methods=[GET],produces=[application/json]}" onto public org.springframework.http.ResponseEntity<java.lang.String> com.tatatrent.cyclecount.rest.controller.RestController.getMessage()
2023-02-16 17:23:51,832 [restartedMain] INFO  o.s.w.s.m.m.a.RequestMappingHandlerMapping         - Mapped "{[/error],produces=[text/html]}" onto public org.springframework.web.servlet.ModelAndView org.springframework.boot.autoconfigure.web.BasicErrorController.errorHtml(javax.servlet.http.HttpServletRequest,javax.servlet.http.HttpServletResponse)
2023-02-16 17:23:51,832 [restartedMain] INFO  o.s.w.s.m.m.a.RequestMappingHandlerMapping         - Mapped "{[/error]}" onto public org.springframework.http.ResponseEntity<java.util.Map<java.lang.String, java.lang.Object>> org.springframework.boot.autoconfigure.web.BasicErrorController.error(javax.servlet.http.HttpServletRequest)
2023-02-16 17:23:51,851 [restartedMain] INFO  o.s.w.s.handler.SimpleUrlHandlerMapping            - Mapped URL path [/webjars/**] onto handler of type [class org.springframework.web.servlet.resource.ResourceHttpRequestHandler]
2023-02-16 17:23:51,851 [restartedMain] INFO  o.s.w.s.handler.SimpleUrlHandlerMapping            - Mapped URL path [/**] onto handler of type [class org.springframework.web.servlet.resource.ResourceHttpRequestHandler]
2023-02-16 17:23:51,903 [restartedMain] INFO  o.s.w.s.m.m.a.ExceptionHandlerExceptionResolver    - Detected @ExceptionHandler methods in restExceptionHandler
2023-02-16 17:23:51,918 [restartedMain] INFO  o.s.w.s.handler.SimpleUrlHandlerMapping            - Mapped URL path [/**/favicon.ico] onto handler of type [class org.springframework.web.servlet.resource.ResourceHttpRequestHandler]
2023-02-16 17:23:52,047 [restartedMain] INFO  o.s.s.web.DefaultSecurityFilterChain               - Creating filter chain: OrRequestMatcher [requestMatchers=[Ant [pattern='/css/**'], Ant [pattern='/js/**'], Ant [pattern='/images/**'], Ant [pattern='/webjars/**'], Ant [pattern='/**/favicon.ico'], Ant [pattern='/error']]], []
2023-02-16 17:23:52,091 [restartedMain] INFO  o.s.s.web.DefaultSecurityFilterChain               - Creating filter chain: org.springframework.security.web.util.matcher.AnyRequestMatcher@1, [org.springframework.security.web.context.request.async.WebAsyncManagerIntegrationFilter@1779aa3, org.springframework.security.web.context.SecurityContextPersistenceFilter@149af55, org.springframework.security.web.header.HeaderWriterFilter@10ab9e1, org.springframework.security.web.authentication.logout.LogoutFilter@1046f7, org.springframework.security.web.authentication.www.BasicAuthenticationFilter@1ddac2c, org.springframework.security.web.savedrequest.RequestCacheAwareFilter@12f242c, org.springframework.security.web.servletapi.SecurityContextHolderAwareRequestFilter@16ee9e2, org.springframework.security.web.authentication.AnonymousAuthenticationFilter@1497031, org.springframework.security.web.session.SessionManagementFilter@102a953, org.springframework.security.web.access.ExceptionTranslationFilter@6425fa, org.springframework.security.web.access.intercept.FilterSecurityInterceptor@1a8e795]
2023-02-16 17:23:52,094 [restartedMain] INFO  o.s.s.web.DefaultSecurityFilterChain               - Creating filter chain: OrRequestMatcher [requestMatchers=[Ant [pattern='/**']]], [org.springframework.security.web.context.request.async.WebAsyncManagerIntegrationFilter@129fef8, org.springframework.security.web.context.SecurityContextPersistenceFilter@aa14e6, org.springframework.security.web.header.HeaderWriterFilter@1571cf3, org.springframework.security.web.authentication.logout.LogoutFilter@994c20, org.springframework.security.web.authentication.www.BasicAuthenticationFilter@5507c1, org.springframework.security.web.savedrequest.RequestCacheAwareFilter@423376, org.springframework.security.web.servletapi.SecurityContextHolderAwareRequestFilter@40be7a, org.springframework.security.web.authentication.AnonymousAuthenticationFilter@2256a2, org.springframework.security.web.session.SessionManagementFilter@2dacc6, org.springframework.security.web.access.ExceptionTranslationFilter@161d2cf, org.springframework.security.web.access.intercept.FilterSecurityInterceptor@101a5c4]
2023-02-16 17:23:52,194 [restartedMain] INFO  o.s.b.d.a.OptionalLiveReloadServer                 - LiveReload server is running on port 35729
2023-02-16 17:23:52,222 [restartedMain] INFO  o.s.j.e.a.AnnotationMBeanExporter                  - Registering beans for JMX exposure on startup
2023-02-16 17:23:52,222 [restartedMain] INFO  o.s.j.e.a.AnnotationMBeanExporter                  - Bean with name 'dataSource' has been autodetected for JMX exposure
2023-02-16 17:23:52,225 [restartedMain] INFO  o.s.j.e.a.AnnotationMBeanExporter                  - Located MBean 'dataSource': registering with JMX server as MBean [com.zaxxer.hikari:name=dataSource,type=HikariDataSource]
2023-02-16 17:23:52,230 [restartedMain] INFO  o.apache.coyote.http11.Http11NioProtocol           - Starting ProtocolHandler ["http-nio-192.168.0.30-8085"]
2023-02-16 17:23:52,233 [restartedMain] ERROR org.apache.catalina.core.StandardService           - Failed to start connector [Connector[HTTP/1.1-8085]]
org.apache.catalina.LifecycleException: Failed to start component [Connector[HTTP/1.1-8085]]
	at org.apache.catalina.util.LifecycleBase.start(LifecycleBase.java:167)
	at org.apache.catalina.core.StandardService.addConnector(StandardService.java:225)
	at org.springframework.boot.context.embedded.tomcat.TomcatEmbeddedServletContainer.addPreviouslyRemovedConnectors(TomcatEmbeddedServletContainer.java:256)
	at org.springframework.boot.context.embedded.tomcat.TomcatEmbeddedServletContainer.start(TomcatEmbeddedServletContainer.java:203)
	at org.springframework.boot.context.embedded.EmbeddedWebApplicationContext.startEmbeddedServletContainer(EmbeddedWebApplicationContext.java:289)
	at org.springframework.boot.context.embedded.EmbeddedWebApplicationContext.finishRefresh(EmbeddedWebApplicationContext.java:145)
	at org.springframework.context.support.AbstractApplicationContext.refresh(AbstractApplicationContext.java:545)
	at org.springframework.boot.context.embedded.EmbeddedWebApplicationContext.refresh(EmbeddedWebApplicationContext.java:123)
	at org.springframework.boot.SpringApplication.refresh(SpringApplication.java:666)
	at org.springframework.boot.SpringApplication.refreshContext(SpringApplication.java:353)
	at org.springframework.boot.SpringApplication.run(SpringApplication.java:300)
	at org.springframework.boot.SpringApplication.run(SpringApplication.java:1082)
	at org.springframework.boot.SpringApplication.run(SpringApplication.java:1071)
	at com.tatatrent.cyclecount.TrentCyclecountApiApplication.main(TrentCyclecountApiApplication.java:10)
	at sun.reflect.NativeMethodAccessorImpl.invoke0(Native Method)
	at sun.reflect.NativeMethodAccessorImpl.invoke(NativeMethodAccessorImpl.java:57)
	at sun.reflect.DelegatingMethodAccessorImpl.invoke(DelegatingMethodAccessorImpl.java:43)
	at java.lang.reflect.Method.invoke(Method.java:606)
	at org.springframework.boot.devtools.restart.RestartLauncher.run(RestartLauncher.java:49)
Caused by: org.apache.catalina.LifecycleException: Protocol handler start failed
	at org.apache.catalina.connector.Connector.startInternal(Connector.java:1020)
	at org.apache.catalina.util.LifecycleBase.start(LifecycleBase.java:150)
	... 18 common frames omitted
Caused by: java.net.BindException: Cannot assign requested address: bind
	at sun.nio.ch.Net.bind0(Native Method)
	at sun.nio.ch.Net.bind(Net.java:463)
	at sun.nio.ch.Net.bind(Net.java:455)
	at sun.nio.ch.ServerSocketChannelImpl.bind(ServerSocketChannelImpl.java:223)
	at sun.nio.ch.ServerSocketAdaptor.bind(ServerSocketAdaptor.java:74)
	at org.apache.tomcat.util.net.NioEndpoint.bind(NioEndpoint.java:219)
	at org.apache.tomcat.util.net.AbstractEndpoint.start(AbstractEndpoint.java:1191)
	at org.apache.coyote.AbstractProtocol.start(AbstractProtocol.java:591)
	at org.apache.catalina.connector.Connector.startInternal(Connector.java:1018)
	... 19 common frames omitted
2023-02-16 17:23:52,235 [restartedMain] INFO  o.apache.coyote.http11.Http11NioProtocol           - Pausing ProtocolHandler ["http-nio-192.168.0.30-8085"]
2023-02-16 17:23:52,235 [restartedMain] INFO  org.apache.catalina.core.StandardService           - Stopping service [Tomcat]
2023-02-16 17:23:52,241 [restartedMain] INFO  org.apache.catalina.util.LifecycleBase             - The stop() method was called on component [StandardServer[-1]] after stop() had already been called. The second call will be ignored.
2023-02-16 17:23:52,241 [restartedMain] INFO  o.apache.coyote.http11.Http11NioProtocol           - Stopping ProtocolHandler ["http-nio-192.168.0.30-8085"]
2023-02-16 17:23:52,242 [restartedMain] INFO  o.apache.coyote.http11.Http11NioProtocol           - Destroying ProtocolHandler ["http-nio-192.168.0.30-8085"]
2023-02-16 17:23:52,243 [restartedMain] INFO  o.s.b.a.l.AutoConfigurationReportLoggingInitializer - 

Error starting ApplicationContext. To display the auto-configuration report re-run your application with 'debug' enabled.
2023-02-16 17:23:52,245 [restartedMain] ERROR o.s.b.d.LoggingFailureAnalysisReporter             - 

***************************
APPLICATION FAILED TO START
***************************

Description:

The Tomcat connector configured to listen on port 8085 failed to start. The port may already be in use or the connector may be misconfigured.

Action:

Verify the connector's configuration, identify and stop any process that's listening on port 8085, or configure this application to listen on another port.

2023-02-16 17:23:52,246 [restartedMain] INFO  o.s.b.c.e.AnnotationConfigEmbeddedWebApplicationContext - Closing org.springframework.boot.context.embedded.AnnotationConfigEmbeddedWebApplicationContext@a7e4d9: startup date [Thu Feb 16 17:23:50 IST 2023]; root of context hierarchy
2023-02-16 17:23:52,247 [restartedMain] INFO  o.s.j.e.a.AnnotationMBeanExporter                  - Unregistering JMX-exposed beans on shutdown
2023-02-16 17:23:52,248 [restartedMain] INFO  o.s.j.e.a.AnnotationMBeanExporter                  - Unregistering JMX-exposed beans
