2023-02-16 17:58:52,694 [restartedMain] INFO  c.t.c.TrentCyclecountApiApplication                - Starting TrentCyclecountApiApplication on vaibhavbhatnagar with PID 14060 (C:\Users\vaibhav.bhatnagar\Documents\workspace\jdk_1.7\trent-cyclecount-api\target\classes started by vaibhav.bhatnagar in C:\Users\vaibhav.bhatnagar\Documents\workspace\jdk_1.7\trent-cyclecount-api)
2023-02-16 17:58:52,695 [restartedMain] INFO  c.t.c.TrentCyclecountApiApplication                - The following profiles are active: dev
2023-02-16 17:58:52,722 [restartedMain] INFO  o.s.b.c.e.AnnotationConfigEmbeddedWebApplicationContext - Refreshing org.springframework.boot.context.embedded.AnnotationConfigEmbeddedWebApplicationContext@d2b815: startup date [Thu Feb 16 17:58:52 IST 2023]; root of context hierarchy
2023-02-16 17:58:52,838 [background-preinit] INFO  o.h.validator.internal.util.Version                - HV000001: Hibernate Validator 5.3.6.Final
2023-02-16 17:58:53,587 [restartedMain] INFO  o.s.b.c.e.t.TomcatEmbeddedServletContainer         - Tomcat initialized with port(s): 8085 (http)
2023-02-16 17:58:53,595 [restartedMain] INFO  o.apache.coyote.http11.Http11NioProtocol           - Initializing ProtocolHandler ["http-nio-127.0.0.1-8085"]
2023-02-16 17:58:53,603 [restartedMain] INFO  org.apache.catalina.core.StandardService           - Starting service [Tomcat]
2023-02-16 17:58:53,603 [restartedMain] INFO  org.apache.catalina.core.StandardEngine            - Starting Servlet Engine: Apache Tomcat/8.5.43
2023-02-16 17:58:53,659 [localhost-startStop-1] INFO  o.a.c.c.C.[Tomcat].[localhost].[/]                 - Initializing Spring embedded WebApplicationContext
2023-02-16 17:58:53,660 [localhost-startStop-1] INFO  o.s.web.context.ContextLoader                      - Root WebApplicationContext: initialization completed in 938 ms
2023-02-16 17:58:53,773 [localhost-startStop-1] INFO  o.s.b.web.servlet.FilterRegistrationBean           - Mapping filter: 'characterEncodingFilter' to: [/*]
2023-02-16 17:58:53,773 [localhost-startStop-1] INFO  o.s.b.web.servlet.FilterRegistrationBean           - Mapping filter: 'hiddenHttpMethodFilter' to: [/*]
2023-02-16 17:58:53,773 [localhost-startStop-1] INFO  o.s.b.web.servlet.FilterRegistrationBean           - Mapping filter: 'httpPutFormContentFilter' to: [/*]
2023-02-16 17:58:53,773 [localhost-startStop-1] INFO  o.s.b.web.servlet.FilterRegistrationBean           - Mapping filter: 'requestContextFilter' to: [/*]
2023-02-16 17:58:53,774 [localhost-startStop-1] INFO  o.s.b.w.s.DelegatingFilterProxyRegistrationBean    - Mapping filter: 'springSecurityFilterChain' to: [/*]
2023-02-16 17:58:53,774 [localhost-startStop-1] INFO  o.s.b.w.servlet.ServletRegistrationBean            - Mapping servlet: 'dispatcherServlet' to [/]
2023-02-16 17:58:54,145 [restartedMain] INFO  o.s.w.s.m.m.a.RequestMappingHandlerAdapter         - Looking for @ControllerAdvice: org.springframework.boot.context.embedded.AnnotationConfigEmbeddedWebApplicationContext@d2b815: startup date [Thu Feb 16 17:58:52 IST 2023]; root of context hierarchy
2023-02-16 17:58:54,182 [restartedMain] INFO  o.s.w.s.m.m.a.RequestMappingHandlerMapping         - Mapped "{[/trent_api/v1/process_cycle_count/process_count],methods=[POST],consumes=[application/json],produces=[application/json]}" onto public org.springframework.http.ResponseEntity<com.tatatrent.cyclecount.rest.dto.Message> com.tatatrent.cyclecount.rest.controller.RestController.processCount(com.tatatrent.cyclecount.rest.dto.RequestDto) throws java.sql.SQLException
2023-02-16 17:58:54,182 [restartedMain] INFO  o.s.w.s.m.m.a.RequestMappingHandlerMapping         - Mapped "{[/trent_api/v1/process_cycle_count/message],methods=[GET],produces=[application/json]}" onto public org.springframework.http.ResponseEntity<java.lang.String> com.tatatrent.cyclecount.rest.controller.RestController.getMessage()
2023-02-16 17:58:54,223 [restartedMain] INFO  o.s.w.s.m.m.a.RequestMappingHandlerMapping         - Mapped "{[/error],produces=[text/html]}" onto public org.springframework.web.servlet.ModelAndView org.springframework.boot.autoconfigure.web.BasicErrorController.errorHtml(javax.servlet.http.HttpServletRequest,javax.servlet.http.HttpServletResponse)
2023-02-16 17:58:54,224 [restartedMain] INFO  o.s.w.s.m.m.a.RequestMappingHandlerMapping         - Mapped "{[/error]}" onto public org.springframework.http.ResponseEntity<java.util.Map<java.lang.String, java.lang.Object>> org.springframework.boot.autoconfigure.web.BasicErrorController.error(javax.servlet.http.HttpServletRequest)
2023-02-16 17:58:54,246 [restartedMain] INFO  o.s.w.s.handler.SimpleUrlHandlerMapping            - Mapped URL path [/webjars/**] onto handler of type [class org.springframework.web.servlet.resource.ResourceHttpRequestHandler]
2023-02-16 17:58:54,246 [restartedMain] INFO  o.s.w.s.handler.SimpleUrlHandlerMapping            - Mapped URL path [/**] onto handler of type [class org.springframework.web.servlet.resource.ResourceHttpRequestHandler]
2023-02-16 17:58:54,257 [restartedMain] INFO  o.s.w.s.m.m.a.ExceptionHandlerExceptionResolver    - Detected @ExceptionHandler methods in restExceptionHandler
2023-02-16 17:58:54,272 [restartedMain] INFO  o.s.w.s.handler.SimpleUrlHandlerMapping            - Mapped URL path [/**/favicon.ico] onto handler of type [class org.springframework.web.servlet.resource.ResourceHttpRequestHandler]
2023-02-16 17:58:54,395 [restartedMain] INFO  o.s.s.web.DefaultSecurityFilterChain               - Creating filter chain: OrRequestMatcher [requestMatchers=[Ant [pattern='/css/**'], Ant [pattern='/js/**'], Ant [pattern='/images/**'], Ant [pattern='/webjars/**'], Ant [pattern='/**/favicon.ico'], Ant [pattern='/error']]], []
2023-02-16 17:58:54,444 [restartedMain] INFO  o.s.s.web.DefaultSecurityFilterChain               - Creating filter chain: org.springframework.security.web.util.matcher.AnyRequestMatcher@1, [org.springframework.security.web.context.request.async.WebAsyncManagerIntegrationFilter@e3cf41, org.springframework.security.web.context.SecurityContextPersistenceFilter@1606b76, org.springframework.security.web.header.HeaderWriterFilter@1614247, org.springframework.security.web.authentication.logout.LogoutFilter@f04c53, org.springframework.security.web.authentication.www.BasicAuthenticationFilter@18f50db, org.springframework.security.web.savedrequest.RequestCacheAwareFilter@1588c23, org.springframework.security.web.servletapi.SecurityContextHolderAwareRequestFilter@ddb43a, org.springframework.security.web.authentication.AnonymousAuthenticationFilter@3bec40, org.springframework.security.web.session.SessionManagementFilter@eb3a70, org.springframework.security.web.access.ExceptionTranslationFilter@1eac3b6, org.springframework.security.web.access.intercept.FilterSecurityInterceptor@1164ad0]
2023-02-16 17:58:54,447 [restartedMain] INFO  o.s.s.web.DefaultSecurityFilterChain               - Creating filter chain: OrRequestMatcher [requestMatchers=[Ant [pattern='/**']]], [org.springframework.security.web.context.request.async.WebAsyncManagerIntegrationFilter@60b3aa, org.springframework.security.web.context.SecurityContextPersistenceFilter@994c20, org.springframework.security.web.header.HeaderWriterFilter@423376, org.springframework.security.web.authentication.logout.LogoutFilter@99ecf1, org.springframework.security.web.authentication.www.BasicAuthenticationFilter@192dc2b, org.springframework.security.web.savedrequest.RequestCacheAwareFilter@5507c1, org.springframework.security.web.servletapi.SecurityContextHolderAwareRequestFilter@704463, org.springframework.security.web.authentication.AnonymousAuthenticationFilter@b39475, org.springframework.security.web.session.SessionManagementFilter@40be7a, org.springframework.security.web.access.ExceptionTranslationFilter@aa14e6, org.springframework.security.web.access.intercept.FilterSecurityInterceptor@65e34c]
2023-02-16 17:58:54,546 [restartedMain] INFO  o.s.b.d.a.OptionalLiveReloadServer                 - LiveReload server is running on port 35729
2023-02-16 17:58:54,576 [restartedMain] INFO  o.s.j.e.a.AnnotationMBeanExporter                  - Registering beans for JMX exposure on startup
2023-02-16 17:58:54,576 [restartedMain] INFO  o.s.j.e.a.AnnotationMBeanExporter                  - Bean with name 'dataSource' has been autodetected for JMX exposure
2023-02-16 17:58:54,580 [restartedMain] INFO  o.s.j.e.a.AnnotationMBeanExporter                  - Located MBean 'dataSource': registering with JMX server as MBean [com.zaxxer.hikari:name=dataSource,type=HikariDataSource]
2023-02-16 17:58:54,585 [restartedMain] INFO  o.apache.coyote.http11.Http11NioProtocol           - Starting ProtocolHandler ["http-nio-127.0.0.1-8085"]
2023-02-16 17:58:54,590 [restartedMain] INFO  o.apache.tomcat.util.net.NioSelectorPool           - Using a shared selector for servlet write/read
2023-02-16 17:58:54,597 [restartedMain] INFO  o.s.b.c.e.t.TomcatEmbeddedServletContainer         - Tomcat started on port(s): 8085 (http)
2023-02-16 17:58:54,601 [restartedMain] INFO  c.t.c.TrentCyclecountApiApplication                - Started TrentCyclecountApiApplication in 2.057 seconds (JVM running for 2.722)
2023-02-16 17:59:28,796 [http-nio-127.0.0.1-8085-exec-1] INFO  o.a.c.c.C.[Tomcat].[localhost].[/]                 - Initializing Spring FrameworkServlet 'dispatcherServlet'
2023-02-16 17:59:28,796 [http-nio-127.0.0.1-8085-exec-1] INFO  o.s.web.servlet.DispatcherServlet                  - FrameworkServlet 'dispatcherServlet': initialization started
2023-02-16 17:59:28,823 [http-nio-127.0.0.1-8085-exec-1] INFO  o.s.web.servlet.DispatcherServlet                  - FrameworkServlet 'dispatcherServlet': initialization completed in 27 ms
2023-02-16 17:59:39,109 [http-nio-127.0.0.1-8085-exec-5] INFO  org.apache.coyote.http11.Http11Processor           - Error parsing HTTP request header
 Note: further occurrences of HTTP header parsing errors will be logged at DEBUG level.
java.lang.IllegalArgumentException: Invalid character found in method name. HTTP method names must be tokens
	at org.apache.coyote.http11.Http11InputBuffer.parseRequestLine(Http11InputBuffer.java:430)
	at org.apache.coyote.http11.Http11Processor.service(Http11Processor.java:684)
	at org.apache.coyote.AbstractProcessorLight.process(AbstractProcessorLight.java:66)
	at org.apache.coyote.AbstractProtocol$ConnectionHandler.process(AbstractProtocol.java:808)
	at org.apache.tomcat.util.net.NioEndpoint$SocketProcessor.doRun(NioEndpoint.java:1498)
	at org.apache.tomcat.util.net.SocketProcessorBase.run(SocketProcessorBase.java:49)
	at java.util.concurrent.ThreadPoolExecutor.runWorker(ThreadPoolExecutor.java:1145)
	at java.util.concurrent.ThreadPoolExecutor$Worker.run(ThreadPoolExecutor.java:615)
	at org.apache.tomcat.util.threads.TaskThread$WrappingRunnable.run(TaskThread.java:61)
	at java.lang.Thread.run(Thread.java:745)
2023-02-16 17:59:52,357 [RMI TCP Connection(9)-127.0.0.1] INFO  o.s.b.a.SpringApplicationAdminMXBeanRegistrar$SpringApplicationAdmin - Application shutdown requested.
2023-02-16 17:59:52,358 [RMI TCP Connection(9)-127.0.0.1] INFO  o.s.b.c.e.AnnotationConfigEmbeddedWebApplicationContext - Closing org.springframework.boot.context.embedded.AnnotationConfigEmbeddedWebApplicationContext@d2b815: startup date [Thu Feb 16 17:58:52 IST 2023]; root of context hierarchy
2023-02-16 17:59:52,363 [RMI TCP Connection(9)-127.0.0.1] INFO  o.s.j.e.a.AnnotationMBeanExporter                  - Unregistering JMX-exposed beans on shutdown
2023-02-16 17:59:52,363 [RMI TCP Connection(9)-127.0.0.1] INFO  o.s.j.e.a.AnnotationMBeanExporter                  - Unregistering JMX-exposed beans
2023-02-16 18:00:44,475 [restartedMain] INFO  c.t.c.TrentCyclecountApiApplication                - Starting TrentCyclecountApiApplication on vaibhavbhatnagar with PID 10988 (C:\Users\vaibhav.bhatnagar\Documents\workspace\jdk_1.7\trent-cyclecount-api\target\classes started by vaibhav.bhatnagar in C:\Users\vaibhav.bhatnagar\Documents\workspace\jdk_1.7\trent-cyclecount-api)
2023-02-16 18:00:44,476 [restartedMain] INFO  c.t.c.TrentCyclecountApiApplication                - The following profiles are active: dev
2023-02-16 18:00:44,504 [restartedMain] INFO  o.s.b.c.e.AnnotationConfigEmbeddedWebApplicationContext - Refreshing org.springframework.boot.context.embedded.AnnotationConfigEmbeddedWebApplicationContext@1356db6: startup date [Thu Feb 16 18:00:44 IST 2023]; root of context hierarchy
2023-02-16 18:00:44,625 [background-preinit] INFO  o.h.validator.internal.util.Version                - HV000001: Hibernate Validator 5.3.6.Final
2023-02-16 18:00:45,390 [restartedMain] INFO  o.s.b.c.e.t.TomcatEmbeddedServletContainer         - Tomcat initialized with port(s): 8085 (http)
2023-02-16 18:00:45,399 [restartedMain] INFO  o.apache.coyote.http11.Http11NioProtocol           - Initializing ProtocolHandler ["http-nio-127.0.0.1-8085"]
2023-02-16 18:00:45,406 [restartedMain] INFO  org.apache.catalina.core.StandardService           - Starting service [Tomcat]
2023-02-16 18:00:45,406 [restartedMain] INFO  org.apache.catalina.core.StandardEngine            - Starting Servlet Engine: Apache Tomcat/8.5.43
2023-02-16 18:00:45,463 [localhost-startStop-1] INFO  o.a.c.c.C.[Tomcat].[localhost].[/]                 - Initializing Spring embedded WebApplicationContext
2023-02-16 18:00:45,463 [localhost-startStop-1] INFO  o.s.web.context.ContextLoader                      - Root WebApplicationContext: initialization completed in 959 ms
2023-02-16 18:00:45,585 [localhost-startStop-1] INFO  o.s.b.web.servlet.FilterRegistrationBean           - Mapping filter: 'characterEncodingFilter' to: [/*]
2023-02-16 18:00:45,586 [localhost-startStop-1] INFO  o.s.b.web.servlet.FilterRegistrationBean           - Mapping filter: 'hiddenHttpMethodFilter' to: [/*]
2023-02-16 18:00:45,586 [localhost-startStop-1] INFO  o.s.b.web.servlet.FilterRegistrationBean           - Mapping filter: 'httpPutFormContentFilter' to: [/*]
2023-02-16 18:00:45,586 [localhost-startStop-1] INFO  o.s.b.web.servlet.FilterRegistrationBean           - Mapping filter: 'requestContextFilter' to: [/*]
2023-02-16 18:00:45,586 [localhost-startStop-1] INFO  o.s.b.w.s.DelegatingFilterProxyRegistrationBean    - Mapping filter: 'springSecurityFilterChain' to: [/*]
2023-02-16 18:00:45,586 [localhost-startStop-1] INFO  o.s.b.w.servlet.ServletRegistrationBean            - Mapping servlet: 'dispatcherServlet' to [/]
2023-02-16 18:00:45,954 [restartedMain] INFO  o.s.w.s.m.m.a.RequestMappingHandlerAdapter         - Looking for @ControllerAdvice: org.springframework.boot.context.embedded.AnnotationConfigEmbeddedWebApplicationContext@1356db6: startup date [Thu Feb 16 18:00:44 IST 2023]; root of context hierarchy
2023-02-16 18:00:45,992 [restartedMain] INFO  o.s.w.s.m.m.a.RequestMappingHandlerMapping         - Mapped "{[/trent_api/v1/process_cycle_count/process_count],methods=[POST],consumes=[application/json],produces=[application/json]}" onto public org.springframework.http.ResponseEntity<com.tatatrent.cyclecount.rest.dto.Message> com.tatatrent.cyclecount.rest.controller.RestController.processCount(com.tatatrent.cyclecount.rest.dto.RequestDto) throws java.sql.SQLException
2023-02-16 18:00:45,993 [restartedMain] INFO  o.s.w.s.m.m.a.RequestMappingHandlerMapping         - Mapped "{[/trent_api/v1/process_cycle_count/message],methods=[GET],produces=[application/json]}" onto public org.springframework.http.ResponseEntity<java.lang.String> com.tatatrent.cyclecount.rest.controller.RestController.getMessage()
2023-02-16 18:00:45,995 [restartedMain] INFO  o.s.w.s.m.m.a.RequestMappingHandlerMapping         - Mapped "{[/error],produces=[text/html]}" onto public org.springframework.web.servlet.ModelAndView org.springframework.boot.autoconfigure.web.BasicErrorController.errorHtml(javax.servlet.http.HttpServletRequest,javax.servlet.http.HttpServletResponse)
2023-02-16 18:00:45,995 [restartedMain] INFO  o.s.w.s.m.m.a.RequestMappingHandlerMapping         - Mapped "{[/error]}" onto public org.springframework.http.ResponseEntity<java.util.Map<java.lang.String, java.lang.Object>> org.springframework.boot.autoconfigure.web.BasicErrorController.error(javax.servlet.http.HttpServletRequest)
2023-02-16 18:00:46,055 [restartedMain] INFO  o.s.w.s.handler.SimpleUrlHandlerMapping            - Mapped URL path [/webjars/**] onto handler of type [class org.springframework.web.servlet.resource.ResourceHttpRequestHandler]
2023-02-16 18:00:46,055 [restartedMain] INFO  o.s.w.s.handler.SimpleUrlHandlerMapping            - Mapped URL path [/**] onto handler of type [class org.springframework.web.servlet.resource.ResourceHttpRequestHandler]
2023-02-16 18:00:46,066 [restartedMain] INFO  o.s.w.s.m.m.a.ExceptionHandlerExceptionResolver    - Detected @ExceptionHandler methods in restExceptionHandler
2023-02-16 18:00:46,083 [restartedMain] INFO  o.s.w.s.handler.SimpleUrlHandlerMapping            - Mapped URL path [/**/favicon.ico] onto handler of type [class org.springframework.web.servlet.resource.ResourceHttpRequestHandler]
2023-02-16 18:00:46,208 [restartedMain] INFO  o.s.s.web.DefaultSecurityFilterChain               - Creating filter chain: OrRequestMatcher [requestMatchers=[Ant [pattern='/css/**'], Ant [pattern='/js/**'], Ant [pattern='/images/**'], Ant [pattern='/webjars/**'], Ant [pattern='/**/favicon.ico'], Ant [pattern='/error']]], []
2023-02-16 18:00:46,254 [restartedMain] INFO  o.s.s.web.DefaultSecurityFilterChain               - Creating filter chain: org.springframework.security.web.util.matcher.AnyRequestMatcher@1, [org.springframework.security.web.context.request.async.WebAsyncManagerIntegrationFilter@6402ee, org.springframework.security.web.context.SecurityContextPersistenceFilter@ddb43a, org.springframework.security.web.header.HeaderWriterFilter@125e3e9, org.springframework.security.web.authentication.logout.LogoutFilter@60f78a, org.springframework.security.web.authentication.www.BasicAuthenticationFilter@baaa65, org.springframework.security.web.savedrequest.RequestCacheAwareFilter@1986369, org.springframework.security.web.servletapi.SecurityContextHolderAwareRequestFilter@d02d3b, org.springframework.security.web.authentication.AnonymousAuthenticationFilter@1fc86a5, org.springframework.security.web.session.SessionManagementFilter@135dbc, org.springframework.security.web.access.ExceptionTranslationFilter@1675420, org.springframework.security.web.access.intercept.FilterSecurityInterceptor@161d2cf]
2023-02-16 18:00:46,260 [restartedMain] INFO  o.s.s.web.DefaultSecurityFilterChain               - Creating filter chain: OrRequestMatcher [requestMatchers=[Ant [pattern='/**']]], [org.springframework.security.web.context.request.async.WebAsyncManagerIntegrationFilter@1b82978, org.springframework.security.web.context.SecurityContextPersistenceFilter@12d9e10, org.springframework.security.web.header.HeaderWriterFilter@2256a2, org.springframework.security.web.authentication.logout.LogoutFilter@60b3aa, org.springframework.security.web.authentication.www.BasicAuthenticationFilter@b39475, org.springframework.security.web.savedrequest.RequestCacheAwareFilter@1e46b9d, org.springframework.security.web.servletapi.SecurityContextHolderAwareRequestFilter@15549ce, org.springframework.security.web.authentication.AnonymousAuthenticationFilter@1aa9dc1, org.springframework.security.web.session.SessionManagementFilter@65e34c, org.springframework.security.web.access.ExceptionTranslationFilter@129fef8, org.springframework.security.web.access.intercept.FilterSecurityInterceptor@d2cd99]
2023-02-16 18:00:46,355 [restartedMain] INFO  o.s.b.d.a.OptionalLiveReloadServer                 - LiveReload server is running on port 35729
2023-02-16 18:00:46,382 [restartedMain] INFO  o.s.j.e.a.AnnotationMBeanExporter                  - Registering beans for JMX exposure on startup
2023-02-16 18:00:46,383 [restartedMain] INFO  o.s.j.e.a.AnnotationMBeanExporter                  - Bean with name 'dataSource' has been autodetected for JMX exposure
2023-02-16 18:00:46,387 [restartedMain] INFO  o.s.j.e.a.AnnotationMBeanExporter                  - Located MBean 'dataSource': registering with JMX server as MBean [com.zaxxer.hikari:name=dataSource,type=HikariDataSource]
2023-02-16 18:00:46,392 [restartedMain] INFO  o.apache.coyote.http11.Http11NioProtocol           - Starting ProtocolHandler ["http-nio-127.0.0.1-8085"]
2023-02-16 18:00:46,397 [restartedMain] INFO  o.apache.tomcat.util.net.NioSelectorPool           - Using a shared selector for servlet write/read
2023-02-16 18:00:46,405 [restartedMain] INFO  o.s.b.c.e.t.TomcatEmbeddedServletContainer         - Tomcat started on port(s): 8085 (http)
2023-02-16 18:00:46,408 [restartedMain] INFO  c.t.c.TrentCyclecountApiApplication                - Started TrentCyclecountApiApplication in 2.083 seconds (JVM running for 2.936)
2023-02-16 18:01:14,775 [http-nio-127.0.0.1-8085-exec-1] INFO  org.apache.coyote.http11.Http11Processor           - Error parsing HTTP request header
 Note: further occurrences of HTTP header parsing errors will be logged at DEBUG level.
java.lang.IllegalArgumentException: Invalid character found in method name. HTTP method names must be tokens
	at org.apache.coyote.http11.Http11InputBuffer.parseRequestLine(Http11InputBuffer.java:430)
	at org.apache.coyote.http11.Http11Processor.service(Http11Processor.java:684)
	at org.apache.coyote.AbstractProcessorLight.process(AbstractProcessorLight.java:66)
	at org.apache.coyote.AbstractProtocol$ConnectionHandler.process(AbstractProtocol.java:808)
	at org.apache.tomcat.util.net.NioEndpoint$SocketProcessor.doRun(NioEndpoint.java:1498)
	at org.apache.tomcat.util.net.SocketProcessorBase.run(SocketProcessorBase.java:49)
	at java.util.concurrent.ThreadPoolExecutor.runWorker(ThreadPoolExecutor.java:1145)
	at java.util.concurrent.ThreadPoolExecutor$Worker.run(ThreadPoolExecutor.java:615)
	at org.apache.tomcat.util.threads.TaskThread$WrappingRunnable.run(TaskThread.java:61)
	at java.lang.Thread.run(Thread.java:745)
2023-02-16 18:02:56,420 [RMI TCP Connection(10)-127.0.0.1] INFO  o.s.b.a.SpringApplicationAdminMXBeanRegistrar$SpringApplicationAdmin - Application shutdown requested.
2023-02-16 18:02:56,421 [RMI TCP Connection(10)-127.0.0.1] INFO  o.s.b.c.e.AnnotationConfigEmbeddedWebApplicationContext - Closing org.springframework.boot.context.embedded.AnnotationConfigEmbeddedWebApplicationContext@1356db6: startup date [Thu Feb 16 18:00:44 IST 2023]; root of context hierarchy
2023-02-16 18:02:56,424 [RMI TCP Connection(10)-127.0.0.1] INFO  o.s.j.e.a.AnnotationMBeanExporter                  - Unregistering JMX-exposed beans on shutdown
2023-02-16 18:02:56,425 [RMI TCP Connection(10)-127.0.0.1] INFO  o.s.j.e.a.AnnotationMBeanExporter                  - Unregistering JMX-exposed beans
2023-02-16 18:03:45,755 [restartedMain] INFO  c.t.c.TrentCyclecountApiApplication                - Starting TrentCyclecountApiApplication on vaibhavbhatnagar with PID 27260 (C:\Users\vaibhav.bhatnagar\Documents\workspace\jdk_1.7\trent-cyclecount-api\target\classes started by vaibhav.bhatnagar in C:\Users\vaibhav.bhatnagar\Documents\workspace\jdk_1.7\trent-cyclecount-api)
2023-02-16 18:03:45,758 [restartedMain] INFO  c.t.c.TrentCyclecountApiApplication                - The following profiles are active: dev
2023-02-16 18:03:45,786 [restartedMain] INFO  o.s.b.c.e.AnnotationConfigEmbeddedWebApplicationContext - Refreshing org.springframework.boot.context.embedded.AnnotationConfigEmbeddedWebApplicationContext@c9e03: startup date [Thu Feb 16 18:03:45 IST 2023]; root of context hierarchy
2023-02-16 18:03:45,899 [background-preinit] INFO  o.h.validator.internal.util.Version                - HV000001: Hibernate Validator 5.3.6.Final
2023-02-16 18:03:46,671 [restartedMain] INFO  o.s.b.c.e.t.TomcatEmbeddedServletContainer         - Tomcat initialized with port(s): 8085 (http)
2023-02-16 18:03:46,679 [restartedMain] INFO  o.apache.coyote.http11.Http11NioProtocol           - Initializing ProtocolHandler ["http-nio-127.0.0.1-8085"]
2023-02-16 18:03:46,687 [restartedMain] INFO  org.apache.catalina.core.StandardService           - Starting service [Tomcat]
2023-02-16 18:03:46,687 [restartedMain] INFO  org.apache.catalina.core.StandardEngine            - Starting Servlet Engine: Apache Tomcat/8.5.43
2023-02-16 18:03:46,744 [localhost-startStop-1] INFO  o.a.c.c.C.[Tomcat].[localhost].[/]                 - Initializing Spring embedded WebApplicationContext
2023-02-16 18:03:46,744 [localhost-startStop-1] INFO  o.s.web.context.ContextLoader                      - Root WebApplicationContext: initialization completed in 959 ms
2023-02-16 18:03:46,856 [localhost-startStop-1] INFO  o.s.b.web.servlet.FilterRegistrationBean           - Mapping filter: 'characterEncodingFilter' to: [/*]
2023-02-16 18:03:46,856 [localhost-startStop-1] INFO  o.s.b.web.servlet.FilterRegistrationBean           - Mapping filter: 'hiddenHttpMethodFilter' to: [/*]
2023-02-16 18:03:46,856 [localhost-startStop-1] INFO  o.s.b.web.servlet.FilterRegistrationBean           - Mapping filter: 'httpPutFormContentFilter' to: [/*]
2023-02-16 18:03:46,856 [localhost-startStop-1] INFO  o.s.b.web.servlet.FilterRegistrationBean           - Mapping filter: 'requestContextFilter' to: [/*]
2023-02-16 18:03:46,857 [localhost-startStop-1] INFO  o.s.b.w.s.DelegatingFilterProxyRegistrationBean    - Mapping filter: 'springSecurityFilterChain' to: [/*]
2023-02-16 18:03:46,857 [localhost-startStop-1] INFO  o.s.b.w.servlet.ServletRegistrationBean            - Mapping servlet: 'dispatcherServlet' to [/]
2023-02-16 18:03:47,228 [restartedMain] INFO  o.s.w.s.m.m.a.RequestMappingHandlerAdapter         - Looking for @ControllerAdvice: org.springframework.boot.context.embedded.AnnotationConfigEmbeddedWebApplicationContext@c9e03: startup date [Thu Feb 16 18:03:45 IST 2023]; root of context hierarchy
2023-02-16 18:03:47,266 [restartedMain] INFO  o.s.w.s.m.m.a.RequestMappingHandlerMapping         - Mapped "{[/trent_api/v1/process_cycle_count/process_count],methods=[POST],consumes=[application/json],produces=[application/json]}" onto public org.springframework.http.ResponseEntity<com.tatatrent.cyclecount.rest.dto.Message> com.tatatrent.cyclecount.rest.controller.RestController.processCount(com.tatatrent.cyclecount.rest.dto.RequestDto) throws java.sql.SQLException
2023-02-16 18:03:47,266 [restartedMain] INFO  o.s.w.s.m.m.a.RequestMappingHandlerMapping         - Mapped "{[/trent_api/v1/process_cycle_count/message],methods=[GET],produces=[application/json]}" onto public org.springframework.http.ResponseEntity<java.lang.String> com.tatatrent.cyclecount.rest.controller.RestController.getMessage()
2023-02-16 18:03:47,268 [restartedMain] INFO  o.s.w.s.m.m.a.RequestMappingHandlerMapping         - Mapped "{[/error],produces=[text/html]}" onto public org.springframework.web.servlet.ModelAndView org.springframework.boot.autoconfigure.web.BasicErrorController.errorHtml(javax.servlet.http.HttpServletRequest,javax.servlet.http.HttpServletResponse)
2023-02-16 18:03:47,269 [restartedMain] INFO  o.s.w.s.m.m.a.RequestMappingHandlerMapping         - Mapped "{[/error]}" onto public org.springframework.http.ResponseEntity<java.util.Map<java.lang.String, java.lang.Object>> org.springframework.boot.autoconfigure.web.BasicErrorController.error(javax.servlet.http.HttpServletRequest)
2023-02-16 18:03:47,285 [restartedMain] INFO  o.s.w.s.handler.SimpleUrlHandlerMapping            - Mapped URL path [/webjars/**] onto handler of type [class org.springframework.web.servlet.resource.ResourceHttpRequestHandler]
2023-02-16 18:03:47,285 [restartedMain] INFO  o.s.w.s.handler.SimpleUrlHandlerMapping            - Mapped URL path [/**] onto handler of type [class org.springframework.web.servlet.resource.ResourceHttpRequestHandler]
2023-02-16 18:03:47,298 [restartedMain] INFO  o.s.w.s.m.m.a.ExceptionHandlerExceptionResolver    - Detected @ExceptionHandler methods in restExceptionHandler
2023-02-16 18:03:47,311 [restartedMain] INFO  o.s.w.s.handler.SimpleUrlHandlerMapping            - Mapped URL path [/**/favicon.ico] onto handler of type [class org.springframework.web.servlet.resource.ResourceHttpRequestHandler]
2023-02-16 18:03:47,480 [restartedMain] INFO  o.s.s.web.DefaultSecurityFilterChain               - Creating filter chain: OrRequestMatcher [requestMatchers=[Ant [pattern='/css/**'], Ant [pattern='/js/**'], Ant [pattern='/images/**'], Ant [pattern='/webjars/**'], Ant [pattern='/**/favicon.ico'], Ant [pattern='/error']]], []
2023-02-16 18:03:47,528 [restartedMain] INFO  o.s.s.web.DefaultSecurityFilterChain               - Creating filter chain: org.springframework.security.web.util.matcher.AnyRequestMatcher@1, [org.springframework.security.web.context.request.async.WebAsyncManagerIntegrationFilter@f428ef, org.springframework.security.web.context.SecurityContextPersistenceFilter@13c1c92, org.springframework.security.web.header.HeaderWriterFilter@1654aef, org.springframework.security.web.authentication.logout.LogoutFilter@1f95386, org.springframework.security.web.authentication.www.BasicAuthenticationFilter@ec249e, org.springframework.security.web.savedrequest.RequestCacheAwareFilter@c433dc, org.springframework.security.web.servletapi.SecurityContextHolderAwareRequestFilter@1b861ab, org.springframework.security.web.authentication.AnonymousAuthenticationFilter@1ab71c2, org.springframework.security.web.session.SessionManagementFilter@8516be, org.springframework.security.web.access.ExceptionTranslationFilter@14903e9, org.springframework.security.web.access.intercept.FilterSecurityInterceptor@c2b43d]
2023-02-16 18:03:47,531 [restartedMain] INFO  o.s.s.web.DefaultSecurityFilterChain               - Creating filter chain: OrRequestMatcher [requestMatchers=[Ant [pattern='/**']]], [org.springframework.security.web.context.request.async.WebAsyncManagerIntegrationFilter@6402ee, org.springframework.security.web.context.SecurityContextPersistenceFilter@64d904, org.springframework.security.web.header.HeaderWriterFilter@1779aa3, org.springframework.security.web.authentication.logout.LogoutFilter@138f1b, org.springframework.security.web.authentication.www.BasicAuthenticationFilter@187647, org.springframework.security.web.savedrequest.RequestCacheAwareFilter@e3cf41, org.springframework.security.web.servletapi.SecurityContextHolderAwareRequestFilter@3bec40, org.springframework.security.web.authentication.AnonymousAuthenticationFilter@1fc86a5, org.springframework.security.web.session.SessionManagementFilter@1497031, org.springframework.security.web.access.ExceptionTranslationFilter@1eaca0e, org.springframework.security.web.access.intercept.FilterSecurityInterceptor@c0b7d1]
2023-02-16 18:03:47,627 [restartedMain] INFO  o.s.b.d.a.OptionalLiveReloadServer                 - LiveReload server is running on port 35729
2023-02-16 18:03:47,656 [restartedMain] INFO  o.s.j.e.a.AnnotationMBeanExporter                  - Registering beans for JMX exposure on startup
2023-02-16 18:03:47,657 [restartedMain] INFO  o.s.j.e.a.AnnotationMBeanExporter                  - Bean with name 'dataSource' has been autodetected for JMX exposure
2023-02-16 18:03:47,659 [restartedMain] INFO  o.s.j.e.a.AnnotationMBeanExporter                  - Located MBean 'dataSource': registering with JMX server as MBean [com.zaxxer.hikari:name=dataSource,type=HikariDataSource]
2023-02-16 18:03:47,667 [restartedMain] INFO  o.apache.coyote.http11.Http11NioProtocol           - Starting ProtocolHandler ["http-nio-127.0.0.1-8085"]
2023-02-16 18:03:47,672 [restartedMain] INFO  o.apache.tomcat.util.net.NioSelectorPool           - Using a shared selector for servlet write/read
2023-02-16 18:03:47,679 [restartedMain] INFO  o.s.b.c.e.t.TomcatEmbeddedServletContainer         - Tomcat started on port(s): 8085 (http)
2023-02-16 18:03:47,682 [restartedMain] INFO  c.t.c.TrentCyclecountApiApplication                - Started TrentCyclecountApiApplication in 2.075 seconds (JVM running for 2.728)
2023-02-16 18:03:55,363 [http-nio-127.0.0.1-8085-exec-1] INFO  org.apache.coyote.http11.Http11Processor           - Error parsing HTTP request header
 Note: further occurrences of HTTP header parsing errors will be logged at DEBUG level.
java.lang.IllegalArgumentException: Invalid character found in method name. HTTP method names must be tokens
	at org.apache.coyote.http11.Http11InputBuffer.parseRequestLine(Http11InputBuffer.java:430)
	at org.apache.coyote.http11.Http11Processor.service(Http11Processor.java:684)
	at org.apache.coyote.AbstractProcessorLight.process(AbstractProcessorLight.java:66)
	at org.apache.coyote.AbstractProtocol$ConnectionHandler.process(AbstractProtocol.java:808)
	at org.apache.tomcat.util.net.NioEndpoint$SocketProcessor.doRun(NioEndpoint.java:1498)
	at org.apache.tomcat.util.net.SocketProcessorBase.run(SocketProcessorBase.java:49)
	at java.util.concurrent.ThreadPoolExecutor.runWorker(ThreadPoolExecutor.java:1145)
	at java.util.concurrent.ThreadPoolExecutor$Worker.run(ThreadPoolExecutor.java:615)
	at org.apache.tomcat.util.threads.TaskThread$WrappingRunnable.run(TaskThread.java:61)
	at java.lang.Thread.run(Thread.java:745)
2023-02-16 18:04:09,315 [RMI TCP Connection(7)-127.0.0.1] INFO  o.s.b.a.SpringApplicationAdminMXBeanRegistrar$SpringApplicationAdmin - Application shutdown requested.
2023-02-16 18:04:09,315 [RMI TCP Connection(7)-127.0.0.1] INFO  o.s.b.c.e.AnnotationConfigEmbeddedWebApplicationContext - Closing org.springframework.boot.context.embedded.AnnotationConfigEmbeddedWebApplicationContext@c9e03: startup date [Thu Feb 16 18:03:45 IST 2023]; root of context hierarchy
2023-02-16 18:04:09,320 [RMI TCP Connection(7)-127.0.0.1] INFO  o.s.j.e.a.AnnotationMBeanExporter                  - Unregistering JMX-exposed beans on shutdown
2023-02-16 18:04:09,320 [RMI TCP Connection(7)-127.0.0.1] INFO  o.s.j.e.a.AnnotationMBeanExporter                  - Unregistering JMX-exposed beans
